<?xml version="1.0" encoding="utf-8"?><testsuites name="pytest tests"><testsuite name="pytest" errors="0" failures="0" skipped="0" tests="10" time="5.588" timestamp="2026-01-28T08:27:55.327529+00:00" hostname="agent-env-5fd39e82-52f6-4367-ae15-fc6432411958"><testcase classname="backend.tests.test_alerts.TestAlertsSystem" name="test_get_alerts_success" time="0.603" /><testcase classname="backend.tests.test_alerts.TestAlertsSystem" name="test_get_alerts_summary" time="0.607" /><testcase classname="backend.tests.test_alerts.TestAlertsSystem" name="test_get_alerts_filter_by_severity" time="0.557" /><testcase classname="backend.tests.test_alerts.TestAlertsSystem" name="test_get_alerts_filter_by_type" time="0.559" /><testcase classname="backend.tests.test_alerts.TestAlertsSystem" name="test_dismiss_alert" time="0.642" /><testcase classname="backend.tests.test_alerts.TestAlertsSystem" name="test_clear_dismissed_alerts" time="0.562" /><testcase classname="backend.tests.test_alerts.TestAlertsSystem" name="test_alerts_forbidden_for_non_superadmin" time="0.556" /><testcase classname="backend.tests.test_alerts.TestAlertsSystem" name="test_alerts_summary_forbidden_for_non_superadmin" time="0.560" /><testcase classname="backend.tests.test_alerts.TestAlertsSystem" name="test_dismiss_forbidden_for_non_superadmin" time="0.575" /><testcase classname="backend.tests.test_alerts.TestLowCreditsAlert" name="test_low_credits_alert_exists" time="0.302" /></testsuite></testsuites>