<?xml version="1.0" encoding="utf-8"?><testsuites name="pytest tests"><testsuite name="pytest" errors="0" failures="0" skipped="0" tests="30" time="8.602" timestamp="2026-01-30T09:31:12.747897+00:00" hostname="agent-env-b43d88df-53e2-48c8-81dd-25a896e63519"><testcase classname="backend.tests.test_alerts_automation.TestAlertsAutomationPricing" name="test_get_pricing_returns_4_tiers" time="0.229" /><testcase classname="backend.tests.test_alerts_automation.TestAlertsAutomationAuthenticated" name="test_get_subscription_default_free" time="0.310" /><testcase classname="backend.tests.test_alerts_automation.TestAlertsAutomationAuthenticated" name="test_upgrade_subscription_to_starter" time="0.369" /><testcase classname="backend.tests.test_alerts_automation.TestAlertsAutomationAuthenticated" name="test_upgrade_subscription_to_professional" time="0.301" /><testcase classname="backend.tests.test_alerts_automation.TestAlertsAutomationAuthenticated" name="test_upgrade_subscription_to_enterprise" time="0.308" /><testcase classname="backend.tests.test_alerts_automation.TestAlertsAutomationAuthenticated" name="test_upgrade_subscription_invalid_tier" time="0.306" /><testcase classname="backend.tests.test_alerts_automation.TestAlertsAutomationAuthenticated" name="test_get_channels" time="0.313" /><testcase classname="backend.tests.test_alerts_automation.TestAlertsAutomationAuthenticated" name="test_create_alert_rule" time="0.363" /><testcase classname="backend.tests.test_alerts_automation.TestAlertsAutomationAuthenticated" name="test_get_alert_rules" time="0.425" /><testcase classname="backend.tests.test_alerts_automation.TestAlertsAutomationAuthenticated" name="test_update_alert_rule_enable_disable" time="0.460" /><testcase classname="backend.tests.test_alerts_automation.TestAlertsAutomationAuthenticated" name="test_delete_alert_rule" time="0.376" /><testcase classname="backend.tests.test_alerts_automation.TestAlertsAutomationAuthenticated" name="test_delete_nonexistent_rule" time="0.307" /><testcase classname="backend.tests.test_alerts_automation.TestAlertsAutomationAuthenticated" name="test_manual_trigger_rule" time="0.397" /><testcase classname="backend.tests.test_alerts_automation.TestAlertsAutomationAuthenticated" name="test_manual_trigger_nonexistent_rule" time="0.349" /><testcase classname="backend.tests.test_alerts_automation.TestAlertsAutomationAuthenticated" name="test_get_alert_logs" time="0.306" /><testcase classname="backend.tests.test_alerts_automation.TestAlertsAutomationAuthenticated" name="test_get_alert_logs_with_limit" time="0.318" /><testcase classname="backend.tests.test_alerts_automation.TestAlertsAutomationAuthenticated" name="test_get_analytics" time="0.306" /><testcase classname="backend.tests.test_alerts_automation.TestAlertsAutomationAuthenticated" name="test_check_stale_leads" time="0.301" /><testcase classname="backend.tests.test_alerts_automation.TestAlertsAutomationAuthenticated" name="test_get_templates" time="0.298" /><testcase classname="backend.tests.test_alerts_automation.TestAlertsAutomationTierRestrictions" name="test_free_tier_cannot_use_sms_channel" time="0.338" /><testcase classname="backend.tests.test_alerts_automation.TestAlertsAutomationTierRestrictions" name="test_free_tier_cannot_use_student_inactive_type" time="0.339" /><testcase classname="backend.tests.test_alerts_automation.TestAlertsAutomationTierRestrictions" name="test_professional_tier_can_use_sms" time="0.383" /><testcase classname="backend.tests.test_alerts_automation.TestAlertsAutomationUnauthorized" name="test_subscription_requires_auth" time="0.038" /><testcase classname="backend.tests.test_alerts_automation.TestAlertsAutomationUnauthorized" name="test_rules_requires_auth" time="0.041" /><testcase classname="backend.tests.test_alerts_automation.TestAlertsAutomationUnauthorized" name="test_channels_requires_auth" time="0.036" /><testcase classname="backend.tests.test_alerts_automation.TestAlertsAutomationUnauthorized" name="test_logs_requires_auth" time="0.040" /><testcase classname="backend.tests.test_alerts_automation.TestAlertsAutomationUnauthorized" name="test_analytics_requires_auth" time="0.038" /><testcase classname="backend.tests.test_alerts_automation.TestAlertsAutomationStudentAccess" name="test_student_cannot_access_subscription" time="0.302" /><testcase classname="backend.tests.test_alerts_automation.TestAlertsAutomationStudentAccess" name="test_student_cannot_create_rules" time="0.299" /><testcase classname="backend.tests.test_alerts_automation.TestAlertsAutomationStudentAccess" name="test_student_cannot_access_analytics" time="0.298" /></testsuite></testsuites>