<?xml version="1.0" encoding="utf-8"?><testsuites name="pytest tests"><testsuite name="pytest" errors="0" failures="0" skipped="0" tests="25" time="1.908" timestamp="2026-01-30T09:16:29.182733+00:00" hostname="agent-env-b43d88df-53e2-48c8-81dd-25a896e63519"><testcase classname="backend.tests.test_analytics_dashboard.TestAnalyticsDashboard" name="test_executive_summary_default_period" time="0.329" /><testcase classname="backend.tests.test_analytics_dashboard.TestAnalyticsDashboard" name="test_executive_summary_week_period" time="0.044" /><testcase classname="backend.tests.test_analytics_dashboard.TestAnalyticsDashboard" name="test_executive_summary_quarter_period" time="0.044" /><testcase classname="backend.tests.test_analytics_dashboard.TestAnalyticsDashboard" name="test_executive_summary_year_period" time="0.040" /><testcase classname="backend.tests.test_analytics_dashboard.TestAnalyticsDashboard" name="test_executive_summary_unauthorized" time="0.040" /><testcase classname="backend.tests.test_analytics_dashboard.TestAnalyticsDashboard" name="test_executive_summary_student_forbidden" time="0.301" /><testcase classname="backend.tests.test_analytics_dashboard.TestAnalyticsDashboard" name="test_revenue_analytics" time="0.049" /><testcase classname="backend.tests.test_analytics_dashboard.TestAnalyticsDashboard" name="test_revenue_analytics_custom_months" time="0.040" /><testcase classname="backend.tests.test_analytics_dashboard.TestAnalyticsDashboard" name="test_lead_source_analytics" time="0.045" /><testcase classname="backend.tests.test_analytics_dashboard.TestAnalyticsDashboard" name="test_student_engagement" time="0.045" /><testcase classname="backend.tests.test_analytics_dashboard.TestAnalyticsDashboard" name="test_student_engagement_custom_days" time="0.040" /><testcase classname="backend.tests.test_analytics_dashboard.TestAnalyticsDashboard" name="test_pipeline_velocity" time="0.045" /><testcase classname="backend.tests.test_analytics_dashboard.TestAnalyticsDashboard" name="test_cohort_analysis" time="0.041" /><testcase classname="backend.tests.test_analytics_dashboard.TestAnalyticsDashboard" name="test_export_executive_report" time="0.045" /><testcase classname="backend.tests.test_analytics_dashboard.TestAnalyticsDashboard" name="test_export_revenue_report" time="0.039" /><testcase classname="backend.tests.test_analytics_dashboard.TestAnalyticsDashboard" name="test_export_leads_report" time="0.039" /><testcase classname="backend.tests.test_analytics_dashboard.TestAnalyticsDashboard" name="test_export_students_report" time="0.046" /><testcase classname="backend.tests.test_analytics_dashboard.TestAnalyticsDashboard" name="test_export_csv_format" time="0.044" /><testcase classname="backend.tests.test_analytics_dashboard.TestAnalyticsDashboard" name="test_export_invalid_type" time="0.036" /><testcase classname="backend.tests.test_analytics_dashboard.TestCRMRouter" name="test_get_pipeline_stages" time="0.038" /><testcase classname="backend.tests.test_analytics_dashboard.TestCRMRouter" name="test_create_lead" time="0.299" /><testcase classname="backend.tests.test_analytics_dashboard.TestCRMRouter" name="test_get_leads" time="0.038" /><testcase classname="backend.tests.test_analytics_dashboard.TestCRMRouter" name="test_get_crm_dashboard" time="0.081" /><testcase classname="backend.tests.test_analytics_dashboard.TestHealthAndBasics" name="test_health_endpoint" time="0.037" /><testcase classname="backend.tests.test_analytics_dashboard.TestHealthAndBasics" name="test_backend_url_configured" time="0.000" /></testsuite></testsuites>