<?xml version="1.0" encoding="utf-8"?><testsuites name="pytest tests"><testsuite name="pytest" errors="0" failures="0" skipped="0" tests="17" time="5.302" timestamp="2026-01-06T19:57:03.408024+00:00" hostname="agent-env-bc382004-7597-4ccb-aa77-5c3b5d119a45"><testcase classname="tests.test_b2b_auth_system.TestInstitutionAuth" name="test_institution_login_success" time="0.296" /><testcase classname="tests.test_b2b_auth_system.TestInstitutionAuth" name="test_institution_login_invalid_credentials" time="0.260" /><testcase classname="tests.test_b2b_auth_system.TestInstitutionAuth" name="test_admin_login_success" time="0.258" /><testcase classname="tests.test_b2b_auth_system.TestInstitutionBranding" name="test_get_institution_branding" time="0.299" /><testcase classname="tests.test_b2b_auth_system.TestInstitutionBranding" name="test_update_institution_branding" time="0.305" /><testcase classname="tests.test_b2b_auth_system.TestInstitutionBranding" name="test_get_whitelabel_branding_by_slug" time="0.043" /><testcase classname="tests.test_b2b_auth_system.TestInstitutionBranding" name="test_get_whitelabel_branding_invalid_slug" time="0.076" /><testcase classname="tests.test_b2b_auth_system.TestStudentCreation" name="test_create_student_with_credentials" time="0.525" /><testcase classname="tests.test_b2b_auth_system.TestStudentCreation" name="test_create_student_duplicate_email" time="0.297" /><testcase classname="tests.test_b2b_auth_system.TestStudentCreation" name="test_get_institution_students" time="0.298" /><testcase classname="tests.test_b2b_auth_system.TestStudentLogin" name="test_student_login_requires_password_change" time="0.282" /><testcase classname="tests.test_b2b_auth_system.TestStudentLogin" name="test_student_login_invalid_credentials" time="0.257" /><testcase classname="tests.test_b2b_auth_system.TestPasswordChange" name="test_change_password_wrong_current" time="0.556" /><testcase classname="tests.test_b2b_auth_system.TestPasswordChange" name="test_change_password_too_short" time="0.515" /><testcase classname="tests.test_b2b_auth_system.TestStudentCredits" name="test_get_student_credits" time="0.301" /><testcase classname="tests.test_b2b_auth_system.TestStudentCredits" name="test_student_credits_forbidden_for_institution" time="0.293" /><testcase classname="tests.test_b2b_auth_system.TestInstitutionMetrics" name="test_get_institution_metrics" time="0.353" /></testsuite></testsuites>