<?xml version="1.0" encoding="utf-8"?><testsuites name="pytest tests"><testsuite name="pytest" errors="0" failures="2" skipped="0" tests="11" time="3.628" timestamp="2026-01-29T20:42:17.024100+00:00" hostname="agent-env-6d73eb84-b13d-4d52-a50c-7260d6cbf30a"><testcase classname="tests.test_community.TestCommunityForum" name="test_get_forum_categories" time="0.339" /><testcase classname="tests.test_community.TestCommunityForum" name="test_get_forum_posts" time="0.302" /><testcase classname="tests.test_community.TestCommunityForum" name="test_create_forum_post" time="0.345" /><testcase classname="tests.test_community.TestCommunityForum" name="test_like_forum_post" time="0.377" /><testcase classname="tests.test_community.TestCommunityForum" name="test_reply_to_post" time="0.355" /><testcase classname="tests.test_community.TestStudyGroups" name="test_get_study_groups" time="0.298" /><testcase classname="tests.test_community.TestStudyGroups" name="test_create_study_group" time="0.337" /><testcase classname="tests.test_community.TestStudyGroups" name="test_get_community_stats" time="0.298" /><testcase classname="tests.test_community.TestWhiteLabelLivePreview" name="test_get_preset_themes" time="0.301"><failure message="AssertionError: assert 'Classic' in ['ProficientHub Classic', 'Ocean Blue', 'Forest Green', 'Sunset Orange', 'Royal Purple', 'Midnight Dark']">tests/test_community.py:269: in test_get_preset_themes
    assert "Classic" in theme_names
E   AssertionError: assert 'Classic' in ['ProficientHub Classic', 'Ocean Blue', 'Forest Green', 'Sunset Orange', 'Royal Purple', 'Midnight Dark']</failure></testcase><testcase classname="tests.test_community.TestWhiteLabelLivePreview" name="test_apply_preset_theme" time="0.292"><failure message="assert 'Ocean' in &quot;Theme 'ocean' applied successfully&quot;">tests/test_community.py:283: in test_apply_preset_theme
    assert "Ocean" in data["message"]
E   assert 'Ocean' in "Theme 'ocean' applied successfully"</failure></testcase><testcase classname="tests.test_community.TestWhiteLabelLivePreview" name="test_get_whitelabel_config" time="0.295" /></testsuite></testsuites>