<?xml version="1.0" encoding="utf-8"?><testsuites name="pytest tests"><testsuite name="pytest" errors="0" failures="0" skipped="0" tests="8" time="3.208" timestamp="2026-01-29T21:02:19.300764+00:00" hostname="agent-env-6d73eb84-b13d-4d52-a50c-7260d6cbf30a"><testcase classname="backend.tests.test_community_gamification.TestCommunityGamificationConfig" name="test_get_gamification_config" time="0.318" /><testcase classname="backend.tests.test_community_gamification.TestCommunityGamificationConfig" name="test_update_gamification_config" time="0.387" /><testcase classname="backend.tests.test_community_gamification.TestCommunityGamificationProfile" name="test_get_gamification_profile" time="0.296" /><testcase classname="backend.tests.test_community_gamification.TestCommunityGamificationLeaderboard" name="test_get_leaderboard" time="0.305" /><testcase classname="backend.tests.test_community_gamification.TestCommunityGamificationBadges" name="test_get_available_badges" time="0.301" /><testcase classname="backend.tests.test_community_gamification.TestCommunityGamificationPointsAwarding" name="test_post_awards_points" time="0.419" /><testcase classname="backend.tests.test_community_gamification.TestCommunityGamificationPointsAwarding" name="test_reply_awards_points" time="0.447" /><testcase classname="backend.tests.test_community_gamification.TestCommunityGamificationPointsAwarding" name="test_solution_awards_points" time="0.683" /></testsuite></testsuites>