<?xml version="1.0" encoding="utf-8"?><testsuites name="pytest tests"><testsuite name="pytest" errors="0" failures="0" skipped="0" tests="12" time="2.859" timestamp="2026-01-30T23:09:26.302270+00:00" hostname="agent-env-6ea99289-be43-4af6-bfeb-765c96fbc072"><testcase classname="backend.tests.test_conversion_analytics.TestConversionAnalytics" name="test_health_check" time="0.311" /><testcase classname="backend.tests.test_conversion_analytics.TestConversionAnalytics" name="test_get_funnel_metrics" time="0.279" /><testcase classname="backend.tests.test_conversion_analytics.TestConversionAnalytics" name="test_get_trends" time="0.280" /><testcase classname="backend.tests.test_conversion_analytics.TestConversionAnalytics" name="test_get_demo_analytics" time="0.274" /><testcase classname="backend.tests.test_conversion_analytics.TestConversionAnalytics" name="test_get_chat_widget_metrics" time="0.285" /><testcase classname="backend.tests.test_conversion_analytics.TestConversionAnalytics" name="test_track_funnel_event" time="0.277" /><testcase classname="backend.tests.test_conversion_analytics.TestConversionAnalytics" name="test_track_invalid_stage" time="0.274" /><testcase classname="backend.tests.test_conversion_analytics.TestConversionAnalytics" name="test_funnel_requires_admin" time="0.338" /><testcase classname="backend.tests.test_conversion_analytics.TestConversionAnalytics" name="test_funnel_different_periods" time="0.469" /><testcase classname="backend.tests.test_conversion_analytics.TestI18nConfiguration" name="test_i18n_file_exists" time="0.000" /><testcase classname="backend.tests.test_conversion_analytics.TestI18nConfiguration" name="test_supported_languages" time="0.000" /><testcase classname="backend.tests.test_conversion_analytics.TestI18nConfiguration" name="test_translation_namespaces" time="0.000" /></testsuite></testsuites>