<?xml version="1.0" encoding="utf-8"?><testsuites name="pytest tests"><testsuite name="pytest" errors="0" failures="6" skipped="0" tests="10" time="1.766" timestamp="2026-01-27T14:23:25.908028+00:00" hostname="agent-env-b67cfc70-db8e-4ec5-a4a3-28b9c801ffc9"><testcase classname="backend.tests.test_crm_supreme.TestEmailTemplates" name="test_get_email_templates" time="0.347"><failure message="AssertionError: Failed: Internal Server Error&#10;assert 520 == 200&#10; +  where 520 = &lt;Response [520]&gt;.status_code">backend/tests/test_crm_supreme.py:46: in test_get_email_templates
    assert response.status_code == 200, f"Failed: {response.text}"
E   AssertionError: Failed: Internal Server Error
E   assert 520 == 200
E    +  where 520 = &lt;Response [520]&gt;.status_code</failure></testcase><testcase classname="backend.tests.test_crm_supreme.TestEmailTemplates" name="test_email_templates_have_required_fields" time="0.042"><failure message="assert 520 == 200&#10; +  where 520 = &lt;Response [520]&gt;.status_code">backend/tests/test_crm_supreme.py:55: in test_email_templates_have_required_fields
    assert response.status_code == 200
E   assert 520 == 200
E    +  where 520 = &lt;Response [520]&gt;.status_code</failure></testcase><testcase classname="backend.tests.test_crm_supreme.TestEmailTemplates" name="test_create_email_template" time="0.044" /><testcase classname="backend.tests.test_crm_supreme.TestAutomationRules" name="test_get_automation_rules" time="0.304"><failure message="AssertionError: Failed: Internal Server Error&#10;assert 520 == 200&#10; +  where 520 = &lt;Response [520]&gt;.status_code">backend/tests/test_crm_supreme.py:89: in test_get_automation_rules
    assert response.status_code == 200, f"Failed: {response.text}"
E   AssertionError: Failed: Internal Server Error
E   assert 520 == 200
E    +  where 520 = &lt;Response [520]&gt;.status_code</failure></testcase><testcase classname="backend.tests.test_crm_supreme.TestAutomationRules" name="test_automation_rules_have_required_fields" time="0.042"><failure message="assert 520 == 200&#10; +  where 520 = &lt;Response [520]&gt;.status_code">backend/tests/test_crm_supreme.py:98: in test_automation_rules_have_required_fields
    assert response.status_code == 200
E   assert 520 == 200
E    +  where 520 = &lt;Response [520]&gt;.status_code</failure></testcase><testcase classname="backend.tests.test_crm_supreme.TestAutomationRules" name="test_create_automation_rule" time="0.043" /><testcase classname="backend.tests.test_crm_supreme.TestCRMTasks" name="test_get_tasks" time="0.303"><failure message="AssertionError: Response should contain 'tasks' key&#10;assert 'tasks' in {'completed': [], 'overdue': [], 'stats': {'due_today': 0, 'overdue_count': 0, 'total_pending': 0}, 'today': [], ...}">backend/tests/test_crm_supreme.py:134: in test_get_tasks
    assert "tasks" in data, "Response should contain 'tasks' key"
E   AssertionError: Response should contain 'tasks' key
E   assert 'tasks' in {'completed': [], 'overdue': [], 'stats': {'due_today': 0, 'overdue_count': 0, 'total_pending': 0}, 'today': [], ...}</failure></testcase><testcase classname="backend.tests.test_crm_supreme.TestCRMTasks" name="test_create_task" time="0.050" /><testcase classname="backend.tests.test_crm_supreme.TestCRMSupremeIntegration" name="test_full_crm_workflow" time="0.341"><failure message="assert 520 == 200&#10; +  where 520 = &lt;Response [520]&gt;.status_code">backend/tests/test_crm_supreme.py:164: in test_full_crm_workflow
    assert templates_res.status_code == 200
E   assert 520 == 200
E    +  where 520 = &lt;Response [520]&gt;.status_code</failure></testcase><testcase classname="backend.tests.test_crm_supreme.TestCRMSupremeAccessControl" name="test_unauthenticated_access_denied" time="0.158" /></testsuite></testsuites>