<?xml version="1.0" encoding="utf-8"?><testsuites name="pytest tests"><testsuite name="pytest" errors="0" failures="7" skipped="0" tests="14" time="4.707" timestamp="2026-01-29T14:13:45.093297+00:00" hostname="agent-env-9acefdbf-255f-4840-a589-5db3b44ea9fd"><testcase classname="backend.tests.test_crm_notifications_erp_mrr.TestCRMNotificationSettings" name="test_create_notification_setting" time="0.364" /><testcase classname="backend.tests.test_crm_notifications_erp_mrr.TestCRMNotificationSettings" name="test_list_notification_settings" time="0.287" /><testcase classname="backend.tests.test_crm_notifications_erp_mrr.TestCRMNotificationSettings" name="test_update_notification_setting_toggle_active" time="0.433" /><testcase classname="backend.tests.test_crm_notifications_erp_mrr.TestCRMNotificationSettings" name="test_delete_notification_setting" time="0.379" /><testcase classname="backend.tests.test_crm_notifications_erp_mrr.TestCRMNotificationSettings" name="test_quick_presets_hot_lead_alert" time="0.404" /><testcase classname="backend.tests.test_crm_notifications_erp_mrr.TestCRMNotificationSettings" name="test_quick_presets_demo_booked" time="0.346" /><testcase classname="backend.tests.test_crm_notifications_erp_mrr.TestCRMNotificationSettings" name="test_quick_presets_new_customer" time="0.361" /><testcase classname="backend.tests.test_crm_notifications_erp_mrr.TestNotificationTriggerOnStageChange" name="test_notification_created_on_stage_change" time="0.321"><failure message="AssertionError: Failed to create lead: Internal Server Error&#10;assert 520 == 200&#10; +  where 520 = &lt;Response [520]&gt;.status_code">backend/tests/test_crm_notifications_erp_mrr.py:295: in test_notification_created_on_stage_change
    assert lead_response.status_code == 200, f"Failed to create lead: {lead_response.text}"
E   AssertionError: Failed to create lead: Internal Server Error
E   assert 520 == 200
E    +  where 520 = &lt;Response [520]&gt;.status_code</failure></testcase><testcase classname="backend.tests.test_crm_notifications_erp_mrr.TestERPMRRMetrics" name="test_mrr_metrics_endpoint" time="0.280"><failure message="AssertionError: Expected 200, got 401: {&quot;detail&quot;:&quot;Invalid token&quot;}&#10;assert 401 == 200&#10; +  where 401 = &lt;Response [401]&gt;.status_code">backend/tests/test_crm_notifications_erp_mrr.py:352: in test_mrr_metrics_endpoint
    assert response.status_code == 200, f"Expected 200, got {response.status_code}: {response.text}"
E   AssertionError: Expected 200, got 401: {"detail":"Invalid token"}
E   assert 401 == 200
E    +  where 401 = &lt;Response [401]&gt;.status_code</failure></testcase><testcase classname="backend.tests.test_crm_notifications_erp_mrr.TestERPMRRMetrics" name="test_mrr_by_plan_breakdown" time="0.265"><failure message="assert 401 == 200&#10; +  where 401 = &lt;Response [401]&gt;.status_code">backend/tests/test_crm_notifications_erp_mrr.py:376: in test_mrr_by_plan_breakdown
    assert response.status_code == 200
E   assert 401 == 200
E    +  where 401 = &lt;Response [401]&gt;.status_code</failure></testcase><testcase classname="backend.tests.test_crm_notifications_erp_mrr.TestERPMRRMetrics" name="test_avg_mrr_per_customer" time="0.277"><failure message="assert 401 == 200&#10; +  where 401 = &lt;Response [401]&gt;.status_code">backend/tests/test_crm_notifications_erp_mrr.py:398: in test_avg_mrr_per_customer
    assert response.status_code == 200
E   assert 401 == 200
E    +  where 401 = &lt;Response [401]&gt;.status_code</failure></testcase><testcase classname="backend.tests.test_crm_notifications_erp_mrr.TestERPDashboardMetrics" name="test_invoice_stats_summary" time="0.272"><failure message="AssertionError: Expected 200, got 401&#10;assert 401 == 200&#10; +  where 401 = &lt;Response [401]&gt;.status_code">backend/tests/test_crm_notifications_erp_mrr.py:439: in test_invoice_stats_summary
    assert response.status_code == 200, f"Expected 200, got {response.status_code}"
E   AssertionError: Expected 200, got 401
E   assert 401 == 200
E    +  where 401 = &lt;Response [401]&gt;.status_code</failure></testcase><testcase classname="backend.tests.test_crm_notifications_erp_mrr.TestERPDashboardMetrics" name="test_subscriptions_list" time="0.268"><failure message="AssertionError: Expected 200, got 401&#10;assert 401 == 200&#10; +  where 401 = &lt;Response [401]&gt;.status_code">backend/tests/test_crm_notifications_erp_mrr.py:449: in test_subscriptions_list
    assert response.status_code == 200, f"Expected 200, got {response.status_code}"
E   AssertionError: Expected 200, got 401
E   assert 401 == 200
E    +  where 401 = &lt;Response [401]&gt;.status_code</failure></testcase><testcase classname="backend.tests.test_crm_notifications_erp_mrr.TestERPDashboardMetrics" name="test_chart_of_accounts" time="0.291"><failure message="AssertionError: Expected 200, got 401&#10;assert 401 == 200&#10; +  where 401 = &lt;Response [401]&gt;.status_code">backend/tests/test_crm_notifications_erp_mrr.py:459: in test_chart_of_accounts
    assert response.status_code == 200, f"Expected 200, got {response.status_code}"
E   AssertionError: Expected 200, got 401
E   assert 401 == 200
E    +  where 401 = &lt;Response [401]&gt;.status_code</failure></testcase></testsuite></testsuites>