<?xml version="1.0" encoding="utf-8"?><testsuites name="pytest tests"><testsuite name="pytest" errors="0" failures="0" skipped="0" tests="14" time="4.817" timestamp="2026-01-29T14:15:25.737333+00:00" hostname="agent-env-9acefdbf-255f-4840-a589-5db3b44ea9fd"><testcase classname="backend.tests.test_crm_notifications_erp_mrr.TestCRMNotificationSettings" name="test_create_notification_setting" time="0.440" /><testcase classname="backend.tests.test_crm_notifications_erp_mrr.TestCRMNotificationSettings" name="test_list_notification_settings" time="0.299" /><testcase classname="backend.tests.test_crm_notifications_erp_mrr.TestCRMNotificationSettings" name="test_update_notification_setting_toggle_active" time="0.514" /><testcase classname="backend.tests.test_crm_notifications_erp_mrr.TestCRMNotificationSettings" name="test_delete_notification_setting" time="0.397" /><testcase classname="backend.tests.test_crm_notifications_erp_mrr.TestCRMNotificationSettings" name="test_quick_presets_hot_lead_alert" time="0.327" /><testcase classname="backend.tests.test_crm_notifications_erp_mrr.TestCRMNotificationSettings" name="test_quick_presets_demo_booked" time="0.375" /><testcase classname="backend.tests.test_crm_notifications_erp_mrr.TestCRMNotificationSettings" name="test_quick_presets_new_customer" time="0.310" /><testcase classname="backend.tests.test_crm_notifications_erp_mrr.TestNotificationTriggerOnStageChange" name="test_notification_created_on_stage_change" time="0.339" /><testcase classname="backend.tests.test_crm_notifications_erp_mrr.TestERPMRRMetrics" name="test_mrr_metrics_endpoint" time="0.276" /><testcase classname="backend.tests.test_crm_notifications_erp_mrr.TestERPMRRMetrics" name="test_mrr_by_plan_breakdown" time="0.272" /><testcase classname="backend.tests.test_crm_notifications_erp_mrr.TestERPMRRMetrics" name="test_avg_mrr_per_customer" time="0.320" /><testcase classname="backend.tests.test_crm_notifications_erp_mrr.TestERPDashboardMetrics" name="test_invoice_stats_summary" time="0.274" /><testcase classname="backend.tests.test_crm_notifications_erp_mrr.TestERPDashboardMetrics" name="test_subscriptions_list" time="0.279" /><testcase classname="backend.tests.test_crm_notifications_erp_mrr.TestERPDashboardMetrics" name="test_chart_of_accounts" time="0.275" /></testsuite></testsuites>