<?xml version="1.0" encoding="utf-8"?><testsuites name="pytest tests"><testsuite name="pytest" errors="0" failures="0" skipped="0" tests="10" time="1.759" timestamp="2026-01-27T14:25:25.706474+00:00" hostname="agent-env-b67cfc70-db8e-4ec5-a4a3-28b9c801ffc9"><testcase classname="backend.tests.test_crm_supreme.TestEmailTemplates" name="test_get_email_templates" time="0.340" /><testcase classname="backend.tests.test_crm_supreme.TestEmailTemplates" name="test_email_templates_have_required_fields" time="0.039" /><testcase classname="backend.tests.test_crm_supreme.TestEmailTemplates" name="test_create_email_template" time="0.045" /><testcase classname="backend.tests.test_crm_supreme.TestAutomationRules" name="test_get_automation_rules" time="0.308" /><testcase classname="backend.tests.test_crm_supreme.TestAutomationRules" name="test_automation_rules_have_required_fields" time="0.042" /><testcase classname="backend.tests.test_crm_supreme.TestAutomationRules" name="test_create_automation_rule" time="0.044" /><testcase classname="backend.tests.test_crm_supreme.TestCRMTasks" name="test_get_tasks" time="0.304" /><testcase classname="backend.tests.test_crm_supreme.TestCRMTasks" name="test_create_task" time="0.044" /><testcase classname="backend.tests.test_crm_supreme.TestCRMSupremeIntegration" name="test_full_crm_workflow" time="0.382" /><testcase classname="backend.tests.test_crm_supreme.TestCRMSupremeAccessControl" name="test_unauthenticated_access_denied" time="0.151" /></testsuite></testsuites>