<?xml version="1.0" encoding="utf-8"?><testsuites name="pytest tests"><testsuite name="pytest" errors="0" failures="0" skipped="0" tests="17" time="5.126" timestamp="2026-01-29T13:55:29.340820+00:00" hostname="agent-env-9acefdbf-255f-4840-a589-5db3b44ea9fd"><testcase classname="tests.test_crm_education_enhancements.TestCRMEducationEnhancements" name="test_get_pipeline_stages" time="0.327" /><testcase classname="tests.test_crm_education_enhancements.TestCRMEducationEnhancements" name="test_list_leads" time="0.278" /><testcase classname="tests.test_crm_education_enhancements.TestCRMEducationEnhancements" name="test_get_lead_detail" time="0.290" /><testcase classname="tests.test_crm_education_enhancements.TestCRMEducationEnhancements" name="test_update_lead_stage_patch" time="0.450" /><testcase classname="tests.test_crm_education_enhancements.TestCRMEducationEnhancements" name="test_update_lead_stage_from_modal" time="0.325" /><testcase classname="tests.test_crm_education_enhancements.TestCRMEducationEnhancements" name="test_pipeline_analytics" time="0.272" /><testcase classname="tests.test_crm_education_enhancements.TestCRMEducationEnhancements" name="test_analytics_by_stage_breakdown" time="0.277" /><testcase classname="tests.test_crm_education_enhancements.TestCRMEducationEnhancements" name="test_analytics_by_source" time="0.300" /><testcase classname="tests.test_crm_education_enhancements.TestCRMEducationEnhancements" name="test_list_tasks" time="0.304" /><testcase classname="tests.test_crm_education_enhancements.TestCRMEducationEnhancements" name="test_filter_leads_by_stage" time="0.282" /><testcase classname="tests.test_crm_education_enhancements.TestCRMEducationEnhancements" name="test_filter_leads_by_exam_type" time="0.270" /><testcase classname="tests.test_crm_education_enhancements.TestCRMEducationEnhancements" name="test_search_leads" time="0.272" /><testcase classname="tests.test_crm_education_enhancements.TestERPDashboard" name="test_list_invoices" time="0.280" /><testcase classname="tests.test_crm_education_enhancements.TestERPDashboard" name="test_invoice_stats_summary" time="0.276" /><testcase classname="tests.test_crm_education_enhancements.TestERPDashboard" name="test_subscription_mrr_metrics" time="0.270" /><testcase classname="tests.test_crm_education_enhancements.TestERPDashboard" name="test_chart_of_accounts" time="0.281" /><testcase classname="tests.test_crm_education_enhancements.TestCRMLeadCreate" name="test_create_lead_with_exam_types" time="0.286" /></testsuite></testsuites>