<?xml version="1.0" encoding="utf-8"?><testsuites name="pytest tests"><testsuite name="pytest" errors="0" failures="0" skipped="0" tests="13" time="10.149" timestamp="2026-01-30T21:59:16.026300+00:00" hostname="agent-env-dd24db2d-c8dd-4846-87db-efd82653db43"><testcase classname="tests.test_demo_heygen_pricing.TestDemoPremiumSystem" name="test_demo_admin_config_returns_7_days_default" time="0.375" /><testcase classname="tests.test_demo_heygen_pricing.TestDemoPremiumSystem" name="test_demo_request_creates_demo" time="0.302" /><testcase classname="tests.test_demo_heygen_pricing.TestDemoPremiumSystem" name="test_demo_admin_list" time="0.301" /><testcase classname="tests.test_demo_heygen_pricing.TestHeyGenIntegration" name="test_heygen_admin_config_api_key_configured" time="0.313" /><testcase classname="tests.test_demo_heygen_pricing.TestHeyGenIntegration" name="test_heygen_admin_avatars_returns_list" time="7.208" /><testcase classname="tests.test_demo_heygen_pricing.TestHeyGenIntegration" name="test_heygen_templates" time="0.317" /><testcase classname="tests.test_demo_heygen_pricing.TestConversionAnalytics" name="test_conversion_funnel_returns_data" time="0.299" /><testcase classname="tests.test_demo_heygen_pricing.TestConversionAnalytics" name="test_conversion_track_event" time="0.297" /><testcase classname="tests.test_demo_heygen_pricing.TestConversionAnalytics" name="test_demo_analytics" time="0.296" /><testcase classname="tests.test_demo_heygen_pricing.TestPricingWithDuration" name="test_pricing_platform_plans" time="0.036" /><testcase classname="tests.test_demo_heygen_pricing.TestPricingWithDuration" name="test_pricing_calculator" time="0.039" /><testcase classname="tests.test_demo_heygen_pricing.TestHealthAndAuth" name="test_health_endpoint" time="0.036" /><testcase classname="tests.test_demo_heygen_pricing.TestHealthAndAuth" name="test_admin_login" time="0.260" /></testsuite></testsuites>