<?xml version="1.0" encoding="utf-8"?><testsuites name="pytest tests"><testsuite name="pytest" errors="0" failures="9" skipped="0" tests="11" time="1.611" timestamp="2026-01-29T21:13:32.902677+00:00" hostname="agent-env-6d73eb84-b13d-4d52-a50c-7260d6cbf30a"><testcase classname="tests.test_elevenlabs_community_institution.TestElevenLabsConfig" name="test_get_elevenlabs_config" time="0.356"><failure message="AssertionError: Expected 200, got 401: {&quot;detail&quot;:&quot;Invalid token&quot;}&#10;assert 401 == 200&#10; +  where 401 = &lt;Response [401]&gt;.status_code">tests/test_elevenlabs_community_institution.py:49: in test_get_elevenlabs_config
    assert response.status_code == 200, f"Expected 200, got {response.status_code}: {response.text}"
E   AssertionError: Expected 200, got 401: {"detail":"Invalid token"}
E   assert 401 == 200
E    +  where 401 = &lt;Response [401]&gt;.status_code</failure></testcase><testcase classname="tests.test_elevenlabs_community_institution.TestElevenLabsConfig" name="test_update_elevenlabs_config" time="0.041"><failure message="AssertionError: Expected 200, got 401: {&quot;detail&quot;:&quot;Invalid token&quot;}&#10;assert 401 == 200&#10; +  where 401 = &lt;Response [401]&gt;.status_code">tests/test_elevenlabs_community_institution.py:75: in test_update_elevenlabs_config
    assert response.status_code == 200, f"Expected 200, got {response.status_code}: {response.text}"
E   AssertionError: Expected 200, got 401: {"detail":"Invalid token"}
E   assert 401 == 200
E    +  where 401 = &lt;Response [401]&gt;.status_code</failure></testcase><testcase classname="tests.test_elevenlabs_community_institution.TestElevenLabsVoices" name="test_get_recommended_voices" time="0.037" /><testcase classname="tests.test_elevenlabs_community_institution.TestElevenLabsUsage" name="test_get_usage_statistics" time="0.295"><failure message="AssertionError: Expected 200, got 401: {&quot;detail&quot;:&quot;Invalid token&quot;}&#10;assert 401 == 200&#10; +  where 401 = &lt;Response [401]&gt;.status_code">tests/test_elevenlabs_community_institution.py:141: in test_get_usage_statistics
    assert response.status_code == 200, f"Expected 200, got {response.status_code}: {response.text}"
E   AssertionError: Expected 200, got 401: {"detail":"Invalid token"}
E   assert 401 == 200
E    +  where 401 = &lt;Response [401]&gt;.status_code</failure></testcase><testcase classname="tests.test_elevenlabs_community_institution.TestCommunityInstitutionFiltering" name="test_forum_posts_filtered_by_institution" time="0.314"><failure message="AssertionError: Expected 200, got 401: {&quot;detail&quot;:&quot;Invalid token&quot;}&#10;assert 401 == 200&#10; +  where 401 = &lt;Response [401]&gt;.status_code">tests/test_elevenlabs_community_institution.py:169: in test_forum_posts_filtered_by_institution
    assert response.status_code == 200, f"Expected 200, got {response.status_code}: {response.text}"
E   AssertionError: Expected 200, got 401: {"detail":"Invalid token"}
E   assert 401 == 200
E    +  where 401 = &lt;Response [401]&gt;.status_code</failure></testcase><testcase classname="tests.test_elevenlabs_community_institution.TestCommunityInstitutionFiltering" name="test_study_groups_filtered_by_institution" time="0.039"><failure message="AssertionError: Expected 200, got 401: {&quot;detail&quot;:&quot;Invalid token&quot;}&#10;assert 401 == 200&#10; +  where 401 = &lt;Response [401]&gt;.status_code">tests/test_elevenlabs_community_institution.py:190: in test_study_groups_filtered_by_institution
    assert response.status_code == 200, f"Expected 200, got {response.status_code}: {response.text}"
E   AssertionError: Expected 200, got 401: {"detail":"Invalid token"}
E   assert 401 == 200
E    +  where 401 = &lt;Response [401]&gt;.status_code</failure></testcase><testcase classname="tests.test_elevenlabs_community_institution.TestCommunityInstitutionFiltering" name="test_create_post_has_institution_id" time="0.032"><failure message="AssertionError: Expected 200, got 401: {&quot;detail&quot;:&quot;Invalid token&quot;}&#10;assert 401 == 200&#10; +  where 401 = &lt;Response [401]&gt;.status_code">tests/test_elevenlabs_community_institution.py:220: in test_create_post_has_institution_id
    assert response.status_code == 200, f"Expected 200, got {response.status_code}: {response.text}"
E   AssertionError: Expected 200, got 401: {"detail":"Invalid token"}
E   assert 401 == 200
E    +  where 401 = &lt;Response [401]&gt;.status_code</failure></testcase><testcase classname="tests.test_elevenlabs_community_institution.TestCommunityInstitutionFiltering" name="test_create_group_has_institution_id" time="0.032"><failure message="AssertionError: Expected 200, got 401: {&quot;detail&quot;:&quot;Invalid token&quot;}&#10;assert 401 == 200&#10; +  where 401 = &lt;Response [401]&gt;.status_code">tests/test_elevenlabs_community_institution.py:255: in test_create_group_has_institution_id
    assert response.status_code == 200, f"Expected 200, got {response.status_code}: {response.text}"
E   AssertionError: Expected 200, got 401: {"detail":"Invalid token"}
E   assert 401 == 200
E    +  where 401 = &lt;Response [401]&gt;.status_code</failure></testcase><testcase classname="tests.test_elevenlabs_community_institution.TestGamificationPerInstitution" name="test_gamification_profile_has_institution_id" time="0.300"><failure message="AssertionError: Expected 200, got 401: {&quot;detail&quot;:&quot;Invalid token&quot;}&#10;assert 401 == 200&#10; +  where 401 = &lt;Response [401]&gt;.status_code">tests/test_elevenlabs_community_institution.py:284: in test_gamification_profile_has_institution_id
    assert response.status_code == 200, f"Expected 200, got {response.status_code}: {response.text}"
E   AssertionError: Expected 200, got 401: {"detail":"Invalid token"}
E   assert 401 == 200
E    +  where 401 = &lt;Response [401]&gt;.status_code</failure></testcase><testcase classname="tests.test_elevenlabs_community_institution.TestGamificationPerInstitution" name="test_gamification_leaderboard_filtered_by_institution" time="0.038"><failure message="AssertionError: Expected 200, got 401: {&quot;detail&quot;:&quot;Invalid token&quot;}&#10;assert 401 == 200&#10; +  where 401 = &lt;Response [401]&gt;.status_code">tests/test_elevenlabs_community_institution.py:304: in test_gamification_leaderboard_filtered_by_institution
    assert response.status_code == 200, f"Expected 200, got {response.status_code}: {response.text}"
E   AssertionError: Expected 200, got 401: {"detail":"Invalid token"}
E   assert 401 == 200
E    +  where 401 = &lt;Response [401]&gt;.status_code</failure></testcase><testcase classname="tests.test_elevenlabs_community_institution.TestMobileBuildFile" name="test_mobile_build_file_exists" time="0.000" /></testsuite></testsuites>