<?xml version="1.0" encoding="utf-8"?><testsuites name="pytest tests"><testsuite name="pytest" errors="0" failures="0" skipped="0" tests="11" time="0.908" timestamp="2026-01-29T21:14:29.054874+00:00" hostname="agent-env-6d73eb84-b13d-4d52-a50c-7260d6cbf30a"><testcase classname="tests.test_elevenlabs_community_institution.TestElevenLabsConfig" name="test_get_elevenlabs_config" time="0.337" /><testcase classname="tests.test_elevenlabs_community_institution.TestElevenLabsConfig" name="test_update_elevenlabs_config" time="0.097" /><testcase classname="tests.test_elevenlabs_community_institution.TestElevenLabsVoices" name="test_get_recommended_voices" time="0.035" /><testcase classname="tests.test_elevenlabs_community_institution.TestElevenLabsUsage" name="test_get_usage_statistics" time="0.041" /><testcase classname="tests.test_elevenlabs_community_institution.TestCommunityInstitutionFiltering" name="test_forum_posts_filtered_by_institution" time="0.043" /><testcase classname="tests.test_elevenlabs_community_institution.TestCommunityInstitutionFiltering" name="test_study_groups_filtered_by_institution" time="0.043" /><testcase classname="tests.test_elevenlabs_community_institution.TestCommunityInstitutionFiltering" name="test_create_post_has_institution_id" time="0.084" /><testcase classname="tests.test_elevenlabs_community_institution.TestCommunityInstitutionFiltering" name="test_create_group_has_institution_id" time="0.077" /><testcase classname="tests.test_elevenlabs_community_institution.TestGamificationPerInstitution" name="test_gamification_profile_has_institution_id" time="0.040" /><testcase classname="tests.test_elevenlabs_community_institution.TestGamificationPerInstitution" name="test_gamification_leaderboard_filtered_by_institution" time="0.036" /><testcase classname="tests.test_elevenlabs_community_institution.TestMobileBuildFile" name="test_mobile_build_file_exists" time="0.000" /></testsuite></testsuites>