<?xml version="1.0" encoding="utf-8"?><testsuites name="pytest tests"><testsuite name="pytest" errors="0" failures="0" skipped="0" tests="22" time="6.705" timestamp="2026-01-29T13:42:03.976762+00:00" hostname="agent-env-9acefdbf-255f-4840-a589-5db3b44ea9fd"><testcase classname="tests.test_enterprise_features.TestHealthAndAuth" name="test_health_endpoint" time="0.098" /><testcase classname="tests.test_enterprise_features.TestHealthAndAuth" name="test_institution_login" time="0.261" /><testcase classname="tests.test_enterprise_features.TestAPIKeysManager" name="test_list_api_keys" time="0.308" /><testcase classname="tests.test_enterprise_features.TestAPIKeysManager" name="test_create_api_key" time="0.309" /><testcase classname="tests.test_enterprise_features.TestAPIKeysManager" name="test_create_and_revoke_api_key" time="0.342" /><testcase classname="tests.test_enterprise_features.TestIntegrationsHub" name="test_list_available_integrations" time="0.305" /><testcase classname="tests.test_enterprise_features.TestIntegrationsHub" name="test_list_connected_integrations" time="0.314" /><testcase classname="tests.test_enterprise_features.TestIntegrationsHub" name="test_connect_integration_simulated" time="0.338" /><testcase classname="tests.test_enterprise_features.TestERPDashboard" name="test_list_invoices" time="0.299" /><testcase classname="tests.test_enterprise_features.TestERPDashboard" name="test_invoice_stats_summary" time="0.302" /><testcase classname="tests.test_enterprise_features.TestERPDashboard" name="test_subscription_mrr_metrics" time="0.298" /><testcase classname="tests.test_enterprise_features.TestERPDashboard" name="test_chart_of_accounts" time="0.295" /><testcase classname="tests.test_enterprise_features.TestCRMEducation" name="test_get_pipeline_stages" time="0.303" /><testcase classname="tests.test_enterprise_features.TestCRMEducation" name="test_list_leads" time="0.312" /><testcase classname="tests.test_enterprise_features.TestCRMEducation" name="test_list_tasks" time="0.305" /><testcase classname="tests.test_enterprise_features.TestCRMEducation" name="test_pipeline_analytics" time="0.300" /><testcase classname="tests.test_enterprise_features.TestCRMEducation" name="test_create_and_delete_lead" time="0.371" /><testcase classname="tests.test_enterprise_features.TestInstitutionDashboard" name="test_institution_metrics" time="0.301" /><testcase classname="tests.test_enterprise_features.TestInstitutionDashboard" name="test_institution_students" time="0.305" /><testcase classname="tests.test_enterprise_features.TestInstitutionDashboard" name="test_library_items" time="0.313" /><testcase classname="tests.test_enterprise_features.TestPricingEndpoints" name="test_platform_plans" time="0.294" /><testcase classname="tests.test_enterprise_features.TestPricingEndpoints" name="test_pricing_calculator" time="0.342" /></testsuite></testsuites>