<?xml version="1.0" encoding="utf-8"?><testsuites name="pytest tests"><testsuite name="pytest" errors="0" failures="1" skipped="0" tests="22" time="6.720" timestamp="2026-01-29T13:40:30.204455+00:00" hostname="agent-env-9acefdbf-255f-4840-a589-5db3b44ea9fd"><testcase classname="tests.test_enterprise_features.TestHealthAndAuth" name="test_health_endpoint" time="0.098" /><testcase classname="tests.test_enterprise_features.TestHealthAndAuth" name="test_institution_login" time="0.268" /><testcase classname="tests.test_enterprise_features.TestAPIKeysManager" name="test_list_api_keys" time="0.315" /><testcase classname="tests.test_enterprise_features.TestAPIKeysManager" name="test_create_api_key" time="0.308" /><testcase classname="tests.test_enterprise_features.TestAPIKeysManager" name="test_create_and_revoke_api_key" time="0.342" /><testcase classname="tests.test_enterprise_features.TestIntegrationsHub" name="test_list_available_integrations" time="0.312" /><testcase classname="tests.test_enterprise_features.TestIntegrationsHub" name="test_list_connected_integrations" time="0.308" /><testcase classname="tests.test_enterprise_features.TestIntegrationsHub" name="test_connect_integration_simulated" time="0.359" /><testcase classname="tests.test_enterprise_features.TestERPDashboard" name="test_list_invoices" time="0.307" /><testcase classname="tests.test_enterprise_features.TestERPDashboard" name="test_invoice_stats_summary" time="0.305" /><testcase classname="tests.test_enterprise_features.TestERPDashboard" name="test_subscription_mrr_metrics" time="0.294" /><testcase classname="tests.test_enterprise_features.TestERPDashboard" name="test_chart_of_accounts" time="0.302" /><testcase classname="tests.test_enterprise_features.TestCRMEducation" name="test_get_pipeline_stages" time="0.300" /><testcase classname="tests.test_enterprise_features.TestCRMEducation" name="test_list_leads" time="0.294" /><testcase classname="tests.test_enterprise_features.TestCRMEducation" name="test_list_tasks" time="0.299" /><testcase classname="tests.test_enterprise_features.TestCRMEducation" name="test_pipeline_analytics" time="0.298" /><testcase classname="tests.test_enterprise_features.TestCRMEducation" name="test_create_and_delete_lead" time="0.362" /><testcase classname="tests.test_enterprise_features.TestInstitutionDashboard" name="test_institution_metrics" time="0.299" /><testcase classname="tests.test_enterprise_features.TestInstitutionDashboard" name="test_institution_students" time="0.300" /><testcase classname="tests.test_enterprise_features.TestInstitutionDashboard" name="test_library_items" time="0.335" /><testcase classname="tests.test_enterprise_features.TestPricingEndpoints" name="test_platform_plans" time="0.302" /><testcase classname="tests.test_enterprise_features.TestPricingEndpoints" name="test_pricing_calculator" time="0.303"><failure message="AssertionError: assert ('total_price' in {'ai_tutor': {'label': 'No AI Tutor', 'minutes_per_license': 0, 'option': 'none', 'price_per_license': 0}, 'plan': {'exams_per_license': 10, 'id': 'plan_10', 'label': '10 Mock Exams'}, 'pricing': {'full_price_per_license': 18.8, 'price_per_license': 18.8, 'savings_per_license': 0.0, 'total_order_price': 1880.0, ...}, 'summary': '100 licenses × $18.8/license = $1,880.00', ...} or 'price_per_license' in {'ai_tutor': {'label': 'No AI Tutor', 'minutes_per_license': 0, 'option': 'none', 'price_per_license': 0}, 'plan': {'exams_per_license': 10, 'id': 'plan_10', 'label': '10 Mock Exams'}, 'pricing': {'full_price_per_license': 18.8, 'price_per_license': 18.8, 'savings_per_license': 0.0, 'total_order_price': 1880.0, ...}, 'summary': '100 licenses × $18.8/license = $1,880.00', ...})">tests/test_enterprise_features.py:382: in test_pricing_calculator
    assert "total_price" in data or "price_per_license" in data
E   AssertionError: assert ('total_price' in {'ai_tutor': {'label': 'No AI Tutor', 'minutes_per_license': 0, 'option': 'none', 'price_per_license': 0}, 'plan': {'exams_per_license': 10, 'id': 'plan_10', 'label': '10 Mock Exams'}, 'pricing': {'full_price_per_license': 18.8, 'price_per_license': 18.8, 'savings_per_license': 0.0, 'total_order_price': 1880.0, ...}, 'summary': '100 licenses × $18.8/license = $1,880.00', ...} or 'price_per_license' in {'ai_tutor': {'label': 'No AI Tutor', 'minutes_per_license': 0, 'option': 'none', 'price_per_license': 0}, 'plan': {'exams_per_license': 10, 'id': 'plan_10', 'label': '10 Mock Exams'}, 'pricing': {'full_price_per_license': 18.8, 'price_per_license': 18.8, 'savings_per_license': 0.0, 'total_order_price': 1880.0, ...}, 'summary': '100 licenses × $18.8/license = $1,880.00', ...})</failure></testcase></testsuite></testsuites>