<?xml version="1.0" encoding="utf-8"?><testsuites name="pytest tests"><testsuite name="pytest" errors="0" failures="0" skipped="0" tests="20" time="32.223" timestamp="2026-01-06T17:22:32.853819+00:00" hostname="agent-env-0e8d7e9f-f9e5-45ee-9e88-19ac35bbbc17"><testcase classname="tests.test_exam_features.TestExamTypes" name="test_get_exam_types_returns_all_types" time="0.084" /><testcase classname="tests.test_exam_features.TestExamTypes" name="test_get_exam_types_returns_sections" time="0.037" /><testcase classname="tests.test_exam_features.TestExamTypes" name="test_get_exam_types_returns_mock_test_configs" time="0.036" /><testcase classname="tests.test_exam_features.TestPracticeQuestions" name="test_get_ielts_reading_practice" time="0.334" /><testcase classname="tests.test_exam_features.TestPracticeQuestions" name="test_get_toefl_reading_practice" time="0.040" /><testcase classname="tests.test_exam_features.TestPracticeQuestions" name="test_get_practice_with_passage_and_questions" time="0.045" /><testcase classname="tests.test_exam_features.TestPracticeQuestions" name="test_invalid_exam_type_returns_400" time="0.047" /><testcase classname="tests.test_exam_features.TestSpeakingPrompts" name="test_get_ielts_speaking_prompts" time="0.039" /><testcase classname="tests.test_exam_features.TestSpeakingPrompts" name="test_get_toefl_speaking_prompts" time="0.033" /><testcase classname="tests.test_exam_features.TestSpeakingPrompts" name="test_speaking_prompts_have_timing_info" time="0.079" /><testcase classname="tests.test_exam_features.TestWritingTasks" name="test_get_ielts_writing_tasks" time="0.038" /><testcase classname="tests.test_exam_features.TestWritingTasks" name="test_get_toefl_writing_tasks" time="0.037" /><testcase classname="tests.test_exam_features.TestWritingTasks" name="test_writing_tasks_have_requirements" time="0.079" /><testcase classname="tests.test_exam_features.TestVoiceFeatures" name="test_get_available_voices" time="0.037" /><testcase classname="tests.test_exam_features.TestVoiceFeatures" name="test_voice_list_includes_nova" time="0.032" /><testcase classname="tests.test_exam_features.TestAITutorVoiceChat" name="test_voice_chat_returns_text_and_audio" time="15.978" /><testcase classname="tests.test_exam_features.TestAITutorVoiceChat" name="test_voice_chat_with_different_voice" time="6.024" /><testcase classname="tests.test_exam_features.TestAITutorTextChat" name="test_text_chat_returns_response" time="3.160" /><testcase classname="tests.test_exam_features.TestExamSubmission" name="test_submit_exam_attempt" time="5.872" /><testcase classname="tests.test_exam_features.TestExamHistory" name="test_get_exam_history" time="0.098" /></testsuite></testsuites>