<?xml version="1.0" encoding="utf-8"?><testsuites name="pytest tests"><testsuite name="pytest" errors="0" failures="0" skipped="0" tests="36" time="2.428" timestamp="2026-01-30T13:50:42.466453+00:00" hostname="agent-env-b43d88df-53e2-48c8-81dd-25a896e63519"><testcase classname="backend.tests.test_exam_plans.TestExamPlansSetup" name="test_01_create_institution" time="0.286" /><testcase classname="backend.tests.test_exam_plans.TestExamPlansSetup" name="test_02_create_student" time="0.266" /><testcase classname="backend.tests.test_exam_plans.TestExamPlansSetup" name="test_03_student_login" time="0.265" /><testcase classname="backend.tests.test_exam_plans.TestExamPlansCRUD" name="test_01_create_exam_plan" time="0.046" /><testcase classname="backend.tests.test_exam_plans.TestExamPlansCRUD" name="test_02_get_plans_as_institution" time="0.043" /><testcase classname="backend.tests.test_exam_plans.TestExamPlansCRUD" name="test_03_get_plans_as_student" time="0.039" /><testcase classname="backend.tests.test_exam_plans.TestExamPlansCRUD" name="test_04_get_plan_details" time="0.039" /><testcase classname="backend.tests.test_exam_plans.TestExamPlansCRUD" name="test_05_update_plan" time="0.047" /><testcase classname="backend.tests.test_exam_plans.TestExamPlansCRUD" name="test_06_student_cannot_create_plan" time="0.042" /><testcase classname="backend.tests.test_exam_plans.TestPurchaseAndCredits" name="test_01_student_purchases_plan" time="0.039" /><testcase classname="backend.tests.test_exam_plans.TestPurchaseAndCredits" name="test_02_get_my_credits" time="0.040" /><testcase classname="backend.tests.test_exam_plans.TestPurchaseAndCredits" name="test_03_get_my_purchases" time="0.043" /><testcase classname="backend.tests.test_exam_plans.TestPurchaseAndCredits" name="test_04_institution_cannot_purchase" time="0.040" /><testcase classname="backend.tests.test_exam_plans.TestMockExamFlow" name="test_01_start_full_mock" time="0.052" /><testcase classname="backend.tests.test_exam_plans.TestMockExamFlow" name="test_02_verify_credit_deduction" time="0.046" /><testcase classname="backend.tests.test_exam_plans.TestMockExamFlow" name="test_03_submit_mock" time="0.041" /><testcase classname="backend.tests.test_exam_plans.TestMockExamFlow" name="test_04_get_attempt_details" time="0.037" /><testcase classname="backend.tests.test_exam_plans.TestMockExamFlow" name="test_05_start_section_practice_free" time="0.078" /><testcase classname="backend.tests.test_exam_plans.TestMockExamFlow" name="test_06_get_exam_history" time="0.082" /><testcase classname="backend.tests.test_exam_plans.TestPDFGeneration" name="test_01_download_pdf_as_student" time="0.110" /><testcase classname="backend.tests.test_exam_plans.TestPDFGeneration" name="test_02_download_pdf_as_institution" time="0.044" /><testcase classname="backend.tests.test_exam_plans.TestPDFGeneration" name="test_03_pdf_not_found_for_invalid_attempt" time="0.037" /><testcase classname="backend.tests.test_exam_plans.TestUpsellOptions" name="test_01_get_upsell_options" time="0.042" /><testcase classname="backend.tests.test_exam_plans.TestUpsellOptions" name="test_02_institution_cannot_view_upsells" time="0.040" /><testcase classname="backend.tests.test_exam_plans.TestInstitutionAnalytics" name="test_01_get_analytics_overview" time="0.038" /><testcase classname="backend.tests.test_exam_plans.TestInstitutionAnalytics" name="test_02_get_at_risk_students" time="0.039" /><testcase classname="backend.tests.test_exam_plans.TestInstitutionAnalytics" name="test_03_student_cannot_access_analytics" time="0.036" /><testcase classname="backend.tests.test_exam_plans.TestAuthenticationRequired" name="test_01_plans_requires_auth" time="0.051" /><testcase classname="backend.tests.test_exam_plans.TestAuthenticationRequired" name="test_02_purchase_requires_auth" time="0.042" /><testcase classname="backend.tests.test_exam_plans.TestAuthenticationRequired" name="test_03_credits_requires_auth" time="0.037" /><testcase classname="backend.tests.test_exam_plans.TestAuthenticationRequired" name="test_04_start_mock_requires_auth" time="0.038" /><testcase classname="backend.tests.test_exam_plans.TestAuthenticationRequired" name="test_05_analytics_requires_auth" time="0.038" /><testcase classname="backend.tests.test_exam_plans.TestEdgeCases" name="test_01_purchase_nonexistent_plan" time="0.043" /><testcase classname="backend.tests.test_exam_plans.TestEdgeCases" name="test_02_submit_nonexistent_attempt" time="0.039" /><testcase classname="backend.tests.test_exam_plans.TestEdgeCases" name="test_03_get_nonexistent_attempt" time="0.037" /><testcase classname="backend.tests.test_exam_plans.TestCleanup" name="test_01_deactivate_plan" time="0.039" /></testsuite></testsuites>