<?xml version="1.0" encoding="utf-8"?><testsuites name="pytest tests"><testsuite name="pytest" errors="20" failures="0" skipped="0" tests="22" time="0.680" timestamp="2026-01-31T01:47:43.081202+00:00" hostname="agent-env-1125dcaa-6f7b-44d4-9982-ccf19f050744"><testcase classname="tests.test_institution_custom_packs.TestInstitutionCustomPacksAPI" name="test_get_exam_types" time="0.376"><error message="failed on setup with &quot;AssertionError: No token in response&#10;assert 'token' in {'access_token': 'eyJhbGciOiJIUzI1NiIsInR5cCI6IkpXVCJ9.eyJ1c2VyX2lkIjoiMmY0Yjc5ZDItNDI4YS00NmI0LWE4OTgtNzNhZGMyNGMyZDY5IiwidXNlcl90eXBlIjoiaW5zdGl0dXRpb24iLCJleHAiOjE3Njk5MTA0NjN9.7vtJXtrB12MfFknfDLp4s6XZt9uE5QS_DLow7Dk6RuE', 'requires_password_change': False, 'token_type': 'bearer', 'user': {'created_at': '2026-01-27T12:08:26.300609+00:00', 'email': 'demo_academy@test.com', 'id': '2f4b79d2-428a-46b4-a898-73adc24c2d69', 'institution_id': None, ...}}&quot;">tests/test_institution_custom_packs.py:30: in auth_token
    assert "token" in data, "No token in response"
E   AssertionError: No token in response
E   assert 'token' in {'access_token': 'eyJhbGciOiJIUzI1NiIsInR5cCI6IkpXVCJ9.eyJ1c2VyX2lkIjoiMmY0Yjc5ZDItNDI4YS00NmI0LWE4OTgtNzNhZGMyNGMyZDY5IiwidXNlcl90eXBlIjoiaW5zdGl0dXRpb24iLCJleHAiOjE3Njk5MTA0NjN9.7vtJXtrB12MfFknfDLp4s6XZt9uE5QS_DLow7Dk6RuE', 'requires_password_change': False, 'token_type': 'bearer', 'user': {'created_at': '2026-01-27T12:08:26.300609+00:00', 'email': 'demo_academy@test.com', 'id': '2f4b79d2-428a-46b4-a898-73adc24c2d69', 'institution_id': None, ...}}</error></testcase><testcase classname="tests.test_institution_custom_packs.TestInstitutionCustomPacksAPI" name="test_get_oet_professions" time="0.000"><error message="failed on setup with &quot;AssertionError: No token in response&#10;assert 'token' in {'access_token': 'eyJhbGciOiJIUzI1NiIsInR5cCI6IkpXVCJ9.eyJ1c2VyX2lkIjoiMmY0Yjc5ZDItNDI4YS00NmI0LWE4OTgtNzNhZGMyNGMyZDY5IiwidXNlcl90eXBlIjoiaW5zdGl0dXRpb24iLCJleHAiOjE3Njk5MTA0NjN9.7vtJXtrB12MfFknfDLp4s6XZt9uE5QS_DLow7Dk6RuE', 'requires_password_change': False, 'token_type': 'bearer', 'user': {'created_at': '2026-01-27T12:08:26.300609+00:00', 'email': 'demo_academy@test.com', 'id': '2f4b79d2-428a-46b4-a898-73adc24c2d69', 'institution_id': None, ...}}&quot;">tests/test_institution_custom_packs.py:30: in auth_token
    assert "token" in data, "No token in response"
E   AssertionError: No token in response
E   assert 'token' in {'access_token': 'eyJhbGciOiJIUzI1NiIsInR5cCI6IkpXVCJ9.eyJ1c2VyX2lkIjoiMmY0Yjc5ZDItNDI4YS00NmI0LWE4OTgtNzNhZGMyNGMyZDY5IiwidXNlcl90eXBlIjoiaW5zdGl0dXRpb24iLCJleHAiOjE3Njk5MTA0NjN9.7vtJXtrB12MfFknfDLp4s6XZt9uE5QS_DLow7Dk6RuE', 'requires_password_change': False, 'token_type': 'bearer', 'user': {'created_at': '2026-01-27T12:08:26.300609+00:00', 'email': 'demo_academy@test.com', 'id': '2f4b79d2-428a-46b4-a898-73adc24c2d69', 'institution_id': None, ...}}</error></testcase><testcase classname="tests.test_institution_custom_packs.TestInstitutionCustomPacksAPI" name="test_create_pack" time="0.000"><error message="failed on setup with &quot;AssertionError: No token in response&#10;assert 'token' in {'access_token': 'eyJhbGciOiJIUzI1NiIsInR5cCI6IkpXVCJ9.eyJ1c2VyX2lkIjoiMmY0Yjc5ZDItNDI4YS00NmI0LWE4OTgtNzNhZGMyNGMyZDY5IiwidXNlcl90eXBlIjoiaW5zdGl0dXRpb24iLCJleHAiOjE3Njk5MTA0NjN9.7vtJXtrB12MfFknfDLp4s6XZt9uE5QS_DLow7Dk6RuE', 'requires_password_change': False, 'token_type': 'bearer', 'user': {'created_at': '2026-01-27T12:08:26.300609+00:00', 'email': 'demo_academy@test.com', 'id': '2f4b79d2-428a-46b4-a898-73adc24c2d69', 'institution_id': None, ...}}&quot;">tests/test_institution_custom_packs.py:30: in auth_token
    assert "token" in data, "No token in response"
E   AssertionError: No token in response
E   assert 'token' in {'access_token': 'eyJhbGciOiJIUzI1NiIsInR5cCI6IkpXVCJ9.eyJ1c2VyX2lkIjoiMmY0Yjc5ZDItNDI4YS00NmI0LWE4OTgtNzNhZGMyNGMyZDY5IiwidXNlcl90eXBlIjoiaW5zdGl0dXRpb24iLCJleHAiOjE3Njk5MTA0NjN9.7vtJXtrB12MfFknfDLp4s6XZt9uE5QS_DLow7Dk6RuE', 'requires_password_change': False, 'token_type': 'bearer', 'user': {'created_at': '2026-01-27T12:08:26.300609+00:00', 'email': 'demo_academy@test.com', 'id': '2f4b79d2-428a-46b4-a898-73adc24c2d69', 'institution_id': None, ...}}</error></testcase><testcase classname="tests.test_institution_custom_packs.TestInstitutionCustomPacksAPI" name="test_get_institution_packs" time="0.000"><error message="failed on setup with &quot;AssertionError: No token in response&#10;assert 'token' in {'access_token': 'eyJhbGciOiJIUzI1NiIsInR5cCI6IkpXVCJ9.eyJ1c2VyX2lkIjoiMmY0Yjc5ZDItNDI4YS00NmI0LWE4OTgtNzNhZGMyNGMyZDY5IiwidXNlcl90eXBlIjoiaW5zdGl0dXRpb24iLCJleHAiOjE3Njk5MTA0NjN9.7vtJXtrB12MfFknfDLp4s6XZt9uE5QS_DLow7Dk6RuE', 'requires_password_change': False, 'token_type': 'bearer', 'user': {'created_at': '2026-01-27T12:08:26.300609+00:00', 'email': 'demo_academy@test.com', 'id': '2f4b79d2-428a-46b4-a898-73adc24c2d69', 'institution_id': None, ...}}&quot;">tests/test_institution_custom_packs.py:30: in auth_token
    assert "token" in data, "No token in response"
E   AssertionError: No token in response
E   assert 'token' in {'access_token': 'eyJhbGciOiJIUzI1NiIsInR5cCI6IkpXVCJ9.eyJ1c2VyX2lkIjoiMmY0Yjc5ZDItNDI4YS00NmI0LWE4OTgtNzNhZGMyNGMyZDY5IiwidXNlcl90eXBlIjoiaW5zdGl0dXRpb24iLCJleHAiOjE3Njk5MTA0NjN9.7vtJXtrB12MfFknfDLp4s6XZt9uE5QS_DLow7Dk6RuE', 'requires_password_change': False, 'token_type': 'bearer', 'user': {'created_at': '2026-01-27T12:08:26.300609+00:00', 'email': 'demo_academy@test.com', 'id': '2f4b79d2-428a-46b4-a898-73adc24c2d69', 'institution_id': None, ...}}</error></testcase><testcase classname="tests.test_institution_custom_packs.TestInstitutionCustomPacksAPI" name="test_get_single_pack" time="0.000"><error message="failed on setup with &quot;AssertionError: No token in response&#10;assert 'token' in {'access_token': 'eyJhbGciOiJIUzI1NiIsInR5cCI6IkpXVCJ9.eyJ1c2VyX2lkIjoiMmY0Yjc5ZDItNDI4YS00NmI0LWE4OTgtNzNhZGMyNGMyZDY5IiwidXNlcl90eXBlIjoiaW5zdGl0dXRpb24iLCJleHAiOjE3Njk5MTA0NjN9.7vtJXtrB12MfFknfDLp4s6XZt9uE5QS_DLow7Dk6RuE', 'requires_password_change': False, 'token_type': 'bearer', 'user': {'created_at': '2026-01-27T12:08:26.300609+00:00', 'email': 'demo_academy@test.com', 'id': '2f4b79d2-428a-46b4-a898-73adc24c2d69', 'institution_id': None, ...}}&quot;">tests/test_institution_custom_packs.py:30: in auth_token
    assert "token" in data, "No token in response"
E   AssertionError: No token in response
E   assert 'token' in {'access_token': 'eyJhbGciOiJIUzI1NiIsInR5cCI6IkpXVCJ9.eyJ1c2VyX2lkIjoiMmY0Yjc5ZDItNDI4YS00NmI0LWE4OTgtNzNhZGMyNGMyZDY5IiwidXNlcl90eXBlIjoiaW5zdGl0dXRpb24iLCJleHAiOjE3Njk5MTA0NjN9.7vtJXtrB12MfFknfDLp4s6XZt9uE5QS_DLow7Dk6RuE', 'requires_password_change': False, 'token_type': 'bearer', 'user': {'created_at': '2026-01-27T12:08:26.300609+00:00', 'email': 'demo_academy@test.com', 'id': '2f4b79d2-428a-46b4-a898-73adc24c2d69', 'institution_id': None, ...}}</error></testcase><testcase classname="tests.test_institution_custom_packs.TestInstitutionCustomPacksAPI" name="test_update_pack" time="0.000"><error message="failed on setup with &quot;AssertionError: No token in response&#10;assert 'token' in {'access_token': 'eyJhbGciOiJIUzI1NiIsInR5cCI6IkpXVCJ9.eyJ1c2VyX2lkIjoiMmY0Yjc5ZDItNDI4YS00NmI0LWE4OTgtNzNhZGMyNGMyZDY5IiwidXNlcl90eXBlIjoiaW5zdGl0dXRpb24iLCJleHAiOjE3Njk5MTA0NjN9.7vtJXtrB12MfFknfDLp4s6XZt9uE5QS_DLow7Dk6RuE', 'requires_password_change': False, 'token_type': 'bearer', 'user': {'created_at': '2026-01-27T12:08:26.300609+00:00', 'email': 'demo_academy@test.com', 'id': '2f4b79d2-428a-46b4-a898-73adc24c2d69', 'institution_id': None, ...}}&quot;">tests/test_institution_custom_packs.py:30: in auth_token
    assert "token" in data, "No token in response"
E   AssertionError: No token in response
E   assert 'token' in {'access_token': 'eyJhbGciOiJIUzI1NiIsInR5cCI6IkpXVCJ9.eyJ1c2VyX2lkIjoiMmY0Yjc5ZDItNDI4YS00NmI0LWE4OTgtNzNhZGMyNGMyZDY5IiwidXNlcl90eXBlIjoiaW5zdGl0dXRpb24iLCJleHAiOjE3Njk5MTA0NjN9.7vtJXtrB12MfFknfDLp4s6XZt9uE5QS_DLow7Dk6RuE', 'requires_password_change': False, 'token_type': 'bearer', 'user': {'created_at': '2026-01-27T12:08:26.300609+00:00', 'email': 'demo_academy@test.com', 'id': '2f4b79d2-428a-46b4-a898-73adc24c2d69', 'institution_id': None, ...}}</error></testcase><testcase classname="tests.test_institution_custom_packs.TestInstitutionCustomPacksAPI" name="test_duplicate_pack" time="0.000"><error message="failed on setup with &quot;AssertionError: No token in response&#10;assert 'token' in {'access_token': 'eyJhbGciOiJIUzI1NiIsInR5cCI6IkpXVCJ9.eyJ1c2VyX2lkIjoiMmY0Yjc5ZDItNDI4YS00NmI0LWE4OTgtNzNhZGMyNGMyZDY5IiwidXNlcl90eXBlIjoiaW5zdGl0dXRpb24iLCJleHAiOjE3Njk5MTA0NjN9.7vtJXtrB12MfFknfDLp4s6XZt9uE5QS_DLow7Dk6RuE', 'requires_password_change': False, 'token_type': 'bearer', 'user': {'created_at': '2026-01-27T12:08:26.300609+00:00', 'email': 'demo_academy@test.com', 'id': '2f4b79d2-428a-46b4-a898-73adc24c2d69', 'institution_id': None, ...}}&quot;">tests/test_institution_custom_packs.py:30: in auth_token
    assert "token" in data, "No token in response"
E   AssertionError: No token in response
E   assert 'token' in {'access_token': 'eyJhbGciOiJIUzI1NiIsInR5cCI6IkpXVCJ9.eyJ1c2VyX2lkIjoiMmY0Yjc5ZDItNDI4YS00NmI0LWE4OTgtNzNhZGMyNGMyZDY5IiwidXNlcl90eXBlIjoiaW5zdGl0dXRpb24iLCJleHAiOjE3Njk5MTA0NjN9.7vtJXtrB12MfFknfDLp4s6XZt9uE5QS_DLow7Dk6RuE', 'requires_password_change': False, 'token_type': 'bearer', 'user': {'created_at': '2026-01-27T12:08:26.300609+00:00', 'email': 'demo_academy@test.com', 'id': '2f4b79d2-428a-46b4-a898-73adc24c2d69', 'institution_id': None, ...}}</error></testcase><testcase classname="tests.test_institution_custom_packs.TestInstitutionCustomPacksAPI" name="test_get_public_packs" time="0.000"><error message="failed on setup with &quot;AssertionError: No token in response&#10;assert 'token' in {'access_token': 'eyJhbGciOiJIUzI1NiIsInR5cCI6IkpXVCJ9.eyJ1c2VyX2lkIjoiMmY0Yjc5ZDItNDI4YS00NmI0LWE4OTgtNzNhZGMyNGMyZDY5IiwidXNlcl90eXBlIjoiaW5zdGl0dXRpb24iLCJleHAiOjE3Njk5MTA0NjN9.7vtJXtrB12MfFknfDLp4s6XZt9uE5QS_DLow7Dk6RuE', 'requires_password_change': False, 'token_type': 'bearer', 'user': {'created_at': '2026-01-27T12:08:26.300609+00:00', 'email': 'demo_academy@test.com', 'id': '2f4b79d2-428a-46b4-a898-73adc24c2d69', 'institution_id': None, ...}}&quot;">tests/test_institution_custom_packs.py:30: in auth_token
    assert "token" in data, "No token in response"
E   AssertionError: No token in response
E   assert 'token' in {'access_token': 'eyJhbGciOiJIUzI1NiIsInR5cCI6IkpXVCJ9.eyJ1c2VyX2lkIjoiMmY0Yjc5ZDItNDI4YS00NmI0LWE4OTgtNzNhZGMyNGMyZDY5IiwidXNlcl90eXBlIjoiaW5zdGl0dXRpb24iLCJleHAiOjE3Njk5MTA0NjN9.7vtJXtrB12MfFknfDLp4s6XZt9uE5QS_DLow7Dk6RuE', 'requires_password_change': False, 'token_type': 'bearer', 'user': {'created_at': '2026-01-27T12:08:26.300609+00:00', 'email': 'demo_academy@test.com', 'id': '2f4b79d2-428a-46b4-a898-73adc24c2d69', 'institution_id': None, ...}}</error></testcase><testcase classname="tests.test_institution_custom_packs.TestInstitutionCustomPacksAPI" name="test_get_public_packs_by_exam_type" time="0.000"><error message="failed on setup with &quot;AssertionError: No token in response&#10;assert 'token' in {'access_token': 'eyJhbGciOiJIUzI1NiIsInR5cCI6IkpXVCJ9.eyJ1c2VyX2lkIjoiMmY0Yjc5ZDItNDI4YS00NmI0LWE4OTgtNzNhZGMyNGMyZDY5IiwidXNlcl90eXBlIjoiaW5zdGl0dXRpb24iLCJleHAiOjE3Njk5MTA0NjN9.7vtJXtrB12MfFknfDLp4s6XZt9uE5QS_DLow7Dk6RuE', 'requires_password_change': False, 'token_type': 'bearer', 'user': {'created_at': '2026-01-27T12:08:26.300609+00:00', 'email': 'demo_academy@test.com', 'id': '2f4b79d2-428a-46b4-a898-73adc24c2d69', 'institution_id': None, ...}}&quot;">tests/test_institution_custom_packs.py:30: in auth_token
    assert "token" in data, "No token in response"
E   AssertionError: No token in response
E   assert 'token' in {'access_token': 'eyJhbGciOiJIUzI1NiIsInR5cCI6IkpXVCJ9.eyJ1c2VyX2lkIjoiMmY0Yjc5ZDItNDI4YS00NmI0LWE4OTgtNzNhZGMyNGMyZDY5IiwidXNlcl90eXBlIjoiaW5zdGl0dXRpb24iLCJleHAiOjE3Njk5MTA0NjN9.7vtJXtrB12MfFknfDLp4s6XZt9uE5QS_DLow7Dk6RuE', 'requires_password_change': False, 'token_type': 'bearer', 'user': {'created_at': '2026-01-27T12:08:26.300609+00:00', 'email': 'demo_academy@test.com', 'id': '2f4b79d2-428a-46b4-a898-73adc24c2d69', 'institution_id': None, ...}}</error></testcase><testcase classname="tests.test_institution_custom_packs.TestInstitutionCustomPacksAPI" name="test_get_institution_sales" time="0.000"><error message="failed on setup with &quot;AssertionError: No token in response&#10;assert 'token' in {'access_token': 'eyJhbGciOiJIUzI1NiIsInR5cCI6IkpXVCJ9.eyJ1c2VyX2lkIjoiMmY0Yjc5ZDItNDI4YS00NmI0LWE4OTgtNzNhZGMyNGMyZDY5IiwidXNlcl90eXBlIjoiaW5zdGl0dXRpb24iLCJleHAiOjE3Njk5MTA0NjN9.7vtJXtrB12MfFknfDLp4s6XZt9uE5QS_DLow7Dk6RuE', 'requires_password_change': False, 'token_type': 'bearer', 'user': {'created_at': '2026-01-27T12:08:26.300609+00:00', 'email': 'demo_academy@test.com', 'id': '2f4b79d2-428a-46b4-a898-73adc24c2d69', 'institution_id': None, ...}}&quot;">tests/test_institution_custom_packs.py:30: in auth_token
    assert "token" in data, "No token in response"
E   AssertionError: No token in response
E   assert 'token' in {'access_token': 'eyJhbGciOiJIUzI1NiIsInR5cCI6IkpXVCJ9.eyJ1c2VyX2lkIjoiMmY0Yjc5ZDItNDI4YS00NmI0LWE4OTgtNzNhZGMyNGMyZDY5IiwidXNlcl90eXBlIjoiaW5zdGl0dXRpb24iLCJleHAiOjE3Njk5MTA0NjN9.7vtJXtrB12MfFknfDLp4s6XZt9uE5QS_DLow7Dk6RuE', 'requires_password_change': False, 'token_type': 'bearer', 'user': {'created_at': '2026-01-27T12:08:26.300609+00:00', 'email': 'demo_academy@test.com', 'id': '2f4b79d2-428a-46b4-a898-73adc24c2d69', 'institution_id': None, ...}}</error></testcase><testcase classname="tests.test_institution_custom_packs.TestInstitutionCustomPacksAPI" name="test_purchase_pack" time="0.000"><error message="failed on setup with &quot;AssertionError: No token in response&#10;assert 'token' in {'access_token': 'eyJhbGciOiJIUzI1NiIsInR5cCI6IkpXVCJ9.eyJ1c2VyX2lkIjoiMmY0Yjc5ZDItNDI4YS00NmI0LWE4OTgtNzNhZGMyNGMyZDY5IiwidXNlcl90eXBlIjoiaW5zdGl0dXRpb24iLCJleHAiOjE3Njk5MTA0NjN9.7vtJXtrB12MfFknfDLp4s6XZt9uE5QS_DLow7Dk6RuE', 'requires_password_change': False, 'token_type': 'bearer', 'user': {'created_at': '2026-01-27T12:08:26.300609+00:00', 'email': 'demo_academy@test.com', 'id': '2f4b79d2-428a-46b4-a898-73adc24c2d69', 'institution_id': None, ...}}&quot;">tests/test_institution_custom_packs.py:30: in auth_token
    assert "token" in data, "No token in response"
E   AssertionError: No token in response
E   assert 'token' in {'access_token': 'eyJhbGciOiJIUzI1NiIsInR5cCI6IkpXVCJ9.eyJ1c2VyX2lkIjoiMmY0Yjc5ZDItNDI4YS00NmI0LWE4OTgtNzNhZGMyNGMyZDY5IiwidXNlcl90eXBlIjoiaW5zdGl0dXRpb24iLCJleHAiOjE3Njk5MTA0NjN9.7vtJXtrB12MfFknfDLp4s6XZt9uE5QS_DLow7Dk6RuE', 'requires_password_change': False, 'token_type': 'bearer', 'user': {'created_at': '2026-01-27T12:08:26.300609+00:00', 'email': 'demo_academy@test.com', 'id': '2f4b79d2-428a-46b4-a898-73adc24c2d69', 'institution_id': None, ...}}</error></testcase><testcase classname="tests.test_institution_custom_packs.TestInstitutionCustomPacksAPI" name="test_purchase_pack_invalid_pack" time="0.000"><error message="failed on setup with &quot;AssertionError: No token in response&#10;assert 'token' in {'access_token': 'eyJhbGciOiJIUzI1NiIsInR5cCI6IkpXVCJ9.eyJ1c2VyX2lkIjoiMmY0Yjc5ZDItNDI4YS00NmI0LWE4OTgtNzNhZGMyNGMyZDY5IiwidXNlcl90eXBlIjoiaW5zdGl0dXRpb24iLCJleHAiOjE3Njk5MTA0NjN9.7vtJXtrB12MfFknfDLp4s6XZt9uE5QS_DLow7Dk6RuE', 'requires_password_change': False, 'token_type': 'bearer', 'user': {'created_at': '2026-01-27T12:08:26.300609+00:00', 'email': 'demo_academy@test.com', 'id': '2f4b79d2-428a-46b4-a898-73adc24c2d69', 'institution_id': None, ...}}&quot;">tests/test_institution_custom_packs.py:30: in auth_token
    assert "token" in data, "No token in response"
E   AssertionError: No token in response
E   assert 'token' in {'access_token': 'eyJhbGciOiJIUzI1NiIsInR5cCI6IkpXVCJ9.eyJ1c2VyX2lkIjoiMmY0Yjc5ZDItNDI4YS00NmI0LWE4OTgtNzNhZGMyNGMyZDY5IiwidXNlcl90eXBlIjoiaW5zdGl0dXRpb24iLCJleHAiOjE3Njk5MTA0NjN9.7vtJXtrB12MfFknfDLp4s6XZt9uE5QS_DLow7Dk6RuE', 'requires_password_change': False, 'token_type': 'bearer', 'user': {'created_at': '2026-01-27T12:08:26.300609+00:00', 'email': 'demo_academy@test.com', 'id': '2f4b79d2-428a-46b4-a898-73adc24c2d69', 'institution_id': None, ...}}</error></testcase><testcase classname="tests.test_institution_custom_packs.TestInstitutionCustomPacksAPI" name="test_create_pack_invalid_exam_type" time="0.000"><error message="failed on setup with &quot;AssertionError: No token in response&#10;assert 'token' in {'access_token': 'eyJhbGciOiJIUzI1NiIsInR5cCI6IkpXVCJ9.eyJ1c2VyX2lkIjoiMmY0Yjc5ZDItNDI4YS00NmI0LWE4OTgtNzNhZGMyNGMyZDY5IiwidXNlcl90eXBlIjoiaW5zdGl0dXRpb24iLCJleHAiOjE3Njk5MTA0NjN9.7vtJXtrB12MfFknfDLp4s6XZt9uE5QS_DLow7Dk6RuE', 'requires_password_change': False, 'token_type': 'bearer', 'user': {'created_at': '2026-01-27T12:08:26.300609+00:00', 'email': 'demo_academy@test.com', 'id': '2f4b79d2-428a-46b4-a898-73adc24c2d69', 'institution_id': None, ...}}&quot;">tests/test_institution_custom_packs.py:30: in auth_token
    assert "token" in data, "No token in response"
E   AssertionError: No token in response
E   assert 'token' in {'access_token': 'eyJhbGciOiJIUzI1NiIsInR5cCI6IkpXVCJ9.eyJ1c2VyX2lkIjoiMmY0Yjc5ZDItNDI4YS00NmI0LWE4OTgtNzNhZGMyNGMyZDY5IiwidXNlcl90eXBlIjoiaW5zdGl0dXRpb24iLCJleHAiOjE3Njk5MTA0NjN9.7vtJXtrB12MfFknfDLp4s6XZt9uE5QS_DLow7Dk6RuE', 'requires_password_change': False, 'token_type': 'bearer', 'user': {'created_at': '2026-01-27T12:08:26.300609+00:00', 'email': 'demo_academy@test.com', 'id': '2f4b79d2-428a-46b4-a898-73adc24c2d69', 'institution_id': None, ...}}</error></testcase><testcase classname="tests.test_institution_custom_packs.TestInstitutionCustomPacksAPI" name="test_create_pack_invalid_profession" time="0.000"><error message="failed on setup with &quot;AssertionError: No token in response&#10;assert 'token' in {'access_token': 'eyJhbGciOiJIUzI1NiIsInR5cCI6IkpXVCJ9.eyJ1c2VyX2lkIjoiMmY0Yjc5ZDItNDI4YS00NmI0LWE4OTgtNzNhZGMyNGMyZDY5IiwidXNlcl90eXBlIjoiaW5zdGl0dXRpb24iLCJleHAiOjE3Njk5MTA0NjN9.7vtJXtrB12MfFknfDLp4s6XZt9uE5QS_DLow7Dk6RuE', 'requires_password_change': False, 'token_type': 'bearer', 'user': {'created_at': '2026-01-27T12:08:26.300609+00:00', 'email': 'demo_academy@test.com', 'id': '2f4b79d2-428a-46b4-a898-73adc24c2d69', 'institution_id': None, ...}}&quot;">tests/test_institution_custom_packs.py:30: in auth_token
    assert "token" in data, "No token in response"
E   AssertionError: No token in response
E   assert 'token' in {'access_token': 'eyJhbGciOiJIUzI1NiIsInR5cCI6IkpXVCJ9.eyJ1c2VyX2lkIjoiMmY0Yjc5ZDItNDI4YS00NmI0LWE4OTgtNzNhZGMyNGMyZDY5IiwidXNlcl90eXBlIjoiaW5zdGl0dXRpb24iLCJleHAiOjE3Njk5MTA0NjN9.7vtJXtrB12MfFknfDLp4s6XZt9uE5QS_DLow7Dk6RuE', 'requires_password_change': False, 'token_type': 'bearer', 'user': {'created_at': '2026-01-27T12:08:26.300609+00:00', 'email': 'demo_academy@test.com', 'id': '2f4b79d2-428a-46b4-a898-73adc24c2d69', 'institution_id': None, ...}}</error></testcase><testcase classname="tests.test_institution_custom_packs.TestInstitutionCustomPacksAPI" name="test_get_pack_not_found" time="0.000"><error message="failed on setup with &quot;AssertionError: No token in response&#10;assert 'token' in {'access_token': 'eyJhbGciOiJIUzI1NiIsInR5cCI6IkpXVCJ9.eyJ1c2VyX2lkIjoiMmY0Yjc5ZDItNDI4YS00NmI0LWE4OTgtNzNhZGMyNGMyZDY5IiwidXNlcl90eXBlIjoiaW5zdGl0dXRpb24iLCJleHAiOjE3Njk5MTA0NjN9.7vtJXtrB12MfFknfDLp4s6XZt9uE5QS_DLow7Dk6RuE', 'requires_password_change': False, 'token_type': 'bearer', 'user': {'created_at': '2026-01-27T12:08:26.300609+00:00', 'email': 'demo_academy@test.com', 'id': '2f4b79d2-428a-46b4-a898-73adc24c2d69', 'institution_id': None, ...}}&quot;">tests/test_institution_custom_packs.py:30: in auth_token
    assert "token" in data, "No token in response"
E   AssertionError: No token in response
E   assert 'token' in {'access_token': 'eyJhbGciOiJIUzI1NiIsInR5cCI6IkpXVCJ9.eyJ1c2VyX2lkIjoiMmY0Yjc5ZDItNDI4YS00NmI0LWE4OTgtNzNhZGMyNGMyZDY5IiwidXNlcl90eXBlIjoiaW5zdGl0dXRpb24iLCJleHAiOjE3Njk5MTA0NjN9.7vtJXtrB12MfFknfDLp4s6XZt9uE5QS_DLow7Dk6RuE', 'requires_password_change': False, 'token_type': 'bearer', 'user': {'created_at': '2026-01-27T12:08:26.300609+00:00', 'email': 'demo_academy@test.com', 'id': '2f4b79d2-428a-46b4-a898-73adc24c2d69', 'institution_id': None, ...}}</error></testcase><testcase classname="tests.test_institution_custom_packs.TestInstitutionCustomPacksAPI" name="test_update_pack_not_found" time="0.000"><error message="failed on setup with &quot;AssertionError: No token in response&#10;assert 'token' in {'access_token': 'eyJhbGciOiJIUzI1NiIsInR5cCI6IkpXVCJ9.eyJ1c2VyX2lkIjoiMmY0Yjc5ZDItNDI4YS00NmI0LWE4OTgtNzNhZGMyNGMyZDY5IiwidXNlcl90eXBlIjoiaW5zdGl0dXRpb24iLCJleHAiOjE3Njk5MTA0NjN9.7vtJXtrB12MfFknfDLp4s6XZt9uE5QS_DLow7Dk6RuE', 'requires_password_change': False, 'token_type': 'bearer', 'user': {'created_at': '2026-01-27T12:08:26.300609+00:00', 'email': 'demo_academy@test.com', 'id': '2f4b79d2-428a-46b4-a898-73adc24c2d69', 'institution_id': None, ...}}&quot;">tests/test_institution_custom_packs.py:30: in auth_token
    assert "token" in data, "No token in response"
E   AssertionError: No token in response
E   assert 'token' in {'access_token': 'eyJhbGciOiJIUzI1NiIsInR5cCI6IkpXVCJ9.eyJ1c2VyX2lkIjoiMmY0Yjc5ZDItNDI4YS00NmI0LWE4OTgtNzNhZGMyNGMyZDY5IiwidXNlcl90eXBlIjoiaW5zdGl0dXRpb24iLCJleHAiOjE3Njk5MTA0NjN9.7vtJXtrB12MfFknfDLp4s6XZt9uE5QS_DLow7Dk6RuE', 'requires_password_change': False, 'token_type': 'bearer', 'user': {'created_at': '2026-01-27T12:08:26.300609+00:00', 'email': 'demo_academy@test.com', 'id': '2f4b79d2-428a-46b4-a898-73adc24c2d69', 'institution_id': None, ...}}</error></testcase><testcase classname="tests.test_institution_custom_packs.TestInstitutionCustomPacksAPI" name="test_duplicate_pack_not_found" time="0.000"><error message="failed on setup with &quot;AssertionError: No token in response&#10;assert 'token' in {'access_token': 'eyJhbGciOiJIUzI1NiIsInR5cCI6IkpXVCJ9.eyJ1c2VyX2lkIjoiMmY0Yjc5ZDItNDI4YS00NmI0LWE4OTgtNzNhZGMyNGMyZDY5IiwidXNlcl90eXBlIjoiaW5zdGl0dXRpb24iLCJleHAiOjE3Njk5MTA0NjN9.7vtJXtrB12MfFknfDLp4s6XZt9uE5QS_DLow7Dk6RuE', 'requires_password_change': False, 'token_type': 'bearer', 'user': {'created_at': '2026-01-27T12:08:26.300609+00:00', 'email': 'demo_academy@test.com', 'id': '2f4b79d2-428a-46b4-a898-73adc24c2d69', 'institution_id': None, ...}}&quot;">tests/test_institution_custom_packs.py:30: in auth_token
    assert "token" in data, "No token in response"
E   AssertionError: No token in response
E   assert 'token' in {'access_token': 'eyJhbGciOiJIUzI1NiIsInR5cCI6IkpXVCJ9.eyJ1c2VyX2lkIjoiMmY0Yjc5ZDItNDI4YS00NmI0LWE4OTgtNzNhZGMyNGMyZDY5IiwidXNlcl90eXBlIjoiaW5zdGl0dXRpb24iLCJleHAiOjE3Njk5MTA0NjN9.7vtJXtrB12MfFknfDLp4s6XZt9uE5QS_DLow7Dk6RuE', 'requires_password_change': False, 'token_type': 'bearer', 'user': {'created_at': '2026-01-27T12:08:26.300609+00:00', 'email': 'demo_academy@test.com', 'id': '2f4b79d2-428a-46b4-a898-73adc24c2d69', 'institution_id': None, ...}}</error></testcase><testcase classname="tests.test_institution_custom_packs.TestInstitutionCustomPacksAPI" name="test_get_packs_unauthorized" time="0.048" /><testcase classname="tests.test_institution_custom_packs.TestInstitutionCustomPacksAPI" name="test_create_pack_unauthorized" time="0.042" /><testcase classname="tests.test_institution_custom_packs.TestInstitutionCustomPacksAPI" name="test_delete_pack" time="0.000"><error message="failed on setup with &quot;AssertionError: No token in response&#10;assert 'token' in {'access_token': 'eyJhbGciOiJIUzI1NiIsInR5cCI6IkpXVCJ9.eyJ1c2VyX2lkIjoiMmY0Yjc5ZDItNDI4YS00NmI0LWE4OTgtNzNhZGMyNGMyZDY5IiwidXNlcl90eXBlIjoiaW5zdGl0dXRpb24iLCJleHAiOjE3Njk5MTA0NjN9.7vtJXtrB12MfFknfDLp4s6XZt9uE5QS_DLow7Dk6RuE', 'requires_password_change': False, 'token_type': 'bearer', 'user': {'created_at': '2026-01-27T12:08:26.300609+00:00', 'email': 'demo_academy@test.com', 'id': '2f4b79d2-428a-46b4-a898-73adc24c2d69', 'institution_id': None, ...}}&quot;">tests/test_institution_custom_packs.py:30: in auth_token
    assert "token" in data, "No token in response"
E   AssertionError: No token in response
E   assert 'token' in {'access_token': 'eyJhbGciOiJIUzI1NiIsInR5cCI6IkpXVCJ9.eyJ1c2VyX2lkIjoiMmY0Yjc5ZDItNDI4YS00NmI0LWE4OTgtNzNhZGMyNGMyZDY5IiwidXNlcl90eXBlIjoiaW5zdGl0dXRpb24iLCJleHAiOjE3Njk5MTA0NjN9.7vtJXtrB12MfFknfDLp4s6XZt9uE5QS_DLow7Dk6RuE', 'requires_password_change': False, 'token_type': 'bearer', 'user': {'created_at': '2026-01-27T12:08:26.300609+00:00', 'email': 'demo_academy@test.com', 'id': '2f4b79d2-428a-46b4-a898-73adc24c2d69', 'institution_id': None, ...}}</error></testcase><testcase classname="tests.test_institution_custom_packs.TestInstitutionCustomPacksAPI" name="test_delete_duplicated_pack" time="0.000"><error message="failed on setup with &quot;AssertionError: No token in response&#10;assert 'token' in {'access_token': 'eyJhbGciOiJIUzI1NiIsInR5cCI6IkpXVCJ9.eyJ1c2VyX2lkIjoiMmY0Yjc5ZDItNDI4YS00NmI0LWE4OTgtNzNhZGMyNGMyZDY5IiwidXNlcl90eXBlIjoiaW5zdGl0dXRpb24iLCJleHAiOjE3Njk5MTA0NjN9.7vtJXtrB12MfFknfDLp4s6XZt9uE5QS_DLow7Dk6RuE', 'requires_password_change': False, 'token_type': 'bearer', 'user': {'created_at': '2026-01-27T12:08:26.300609+00:00', 'email': 'demo_academy@test.com', 'id': '2f4b79d2-428a-46b4-a898-73adc24c2d69', 'institution_id': None, ...}}&quot;">tests/test_institution_custom_packs.py:30: in auth_token
    assert "token" in data, "No token in response"
E   AssertionError: No token in response
E   assert 'token' in {'access_token': 'eyJhbGciOiJIUzI1NiIsInR5cCI6IkpXVCJ9.eyJ1c2VyX2lkIjoiMmY0Yjc5ZDItNDI4YS00NmI0LWE4OTgtNzNhZGMyNGMyZDY5IiwidXNlcl90eXBlIjoiaW5zdGl0dXRpb24iLCJleHAiOjE3Njk5MTA0NjN9.7vtJXtrB12MfFknfDLp4s6XZt9uE5QS_DLow7Dk6RuE', 'requires_password_change': False, 'token_type': 'bearer', 'user': {'created_at': '2026-01-27T12:08:26.300609+00:00', 'email': 'demo_academy@test.com', 'id': '2f4b79d2-428a-46b4-a898-73adc24c2d69', 'institution_id': None, ...}}</error></testcase><testcase classname="tests.test_institution_custom_packs.TestInstitutionCustomPacksAPI" name="test_delete_pack_not_found" time="0.000"><error message="failed on setup with &quot;AssertionError: No token in response&#10;assert 'token' in {'access_token': 'eyJhbGciOiJIUzI1NiIsInR5cCI6IkpXVCJ9.eyJ1c2VyX2lkIjoiMmY0Yjc5ZDItNDI4YS00NmI0LWE4OTgtNzNhZGMyNGMyZDY5IiwidXNlcl90eXBlIjoiaW5zdGl0dXRpb24iLCJleHAiOjE3Njk5MTA0NjN9.7vtJXtrB12MfFknfDLp4s6XZt9uE5QS_DLow7Dk6RuE', 'requires_password_change': False, 'token_type': 'bearer', 'user': {'created_at': '2026-01-27T12:08:26.300609+00:00', 'email': 'demo_academy@test.com', 'id': '2f4b79d2-428a-46b4-a898-73adc24c2d69', 'institution_id': None, ...}}&quot;">tests/test_institution_custom_packs.py:30: in auth_token
    assert "token" in data, "No token in response"
E   AssertionError: No token in response
E   assert 'token' in {'access_token': 'eyJhbGciOiJIUzI1NiIsInR5cCI6IkpXVCJ9.eyJ1c2VyX2lkIjoiMmY0Yjc5ZDItNDI4YS00NmI0LWE4OTgtNzNhZGMyNGMyZDY5IiwidXNlcl90eXBlIjoiaW5zdGl0dXRpb24iLCJleHAiOjE3Njk5MTA0NjN9.7vtJXtrB12MfFknfDLp4s6XZt9uE5QS_DLow7Dk6RuE', 'requires_password_change': False, 'token_type': 'bearer', 'user': {'created_at': '2026-01-27T12:08:26.300609+00:00', 'email': 'demo_academy@test.com', 'id': '2f4b79d2-428a-46b4-a898-73adc24c2d69', 'institution_id': None, ...}}</error></testcase></testsuite></testsuites>