<?xml version="1.0" encoding="utf-8"?><testsuites name="pytest tests"><testsuite name="pytest" errors="0" failures="0" skipped="0" tests="15" time="2.243" timestamp="2026-01-27T14:50:42.452595+00:00" hostname="agent-env-b67cfc70-db8e-4ec5-a4a3-28b9c801ffc9"><testcase classname="backend.tests.test_institution_settings.TestInstitutionAuth" name="test_institution_login" time="0.303" /><testcase classname="backend.tests.test_institution_settings.TestInstitutionSettings" name="test_get_institution_settings" time="0.303" /><testcase classname="backend.tests.test_institution_settings.TestInstitutionSettings" name="test_get_settings_unauthenticated" time="0.035" /><testcase classname="backend.tests.test_institution_settings.TestInstitutionSettings" name="test_save_zoom_settings" time="0.054" /><testcase classname="backend.tests.test_institution_settings.TestInstitutionSettings" name="test_save_email_settings" time="0.039" /><testcase classname="backend.tests.test_institution_settings.TestInstitutionSettings" name="test_save_gamification_settings" time="0.049" /><testcase classname="backend.tests.test_institution_settings.TestInstitutionSettings" name="test_verify_settings_persisted" time="0.036" /><testcase classname="backend.tests.test_institution_settings.TestGamificationEndpoints" name="test_gamification_profile_requires_student" time="0.307" /><testcase classname="backend.tests.test_institution_settings.TestGamificationEndpoints" name="test_gamification_leaderboard" time="0.045" /><testcase classname="backend.tests.test_institution_settings.TestGamificationEndpoints" name="test_gamification_challenges" time="0.036" /><testcase classname="backend.tests.test_institution_settings.TestStudentEndpoints" name="test_student_profile_requires_student" time="0.299" /><testcase classname="backend.tests.test_institution_settings.TestStudentEndpoints" name="test_student_upcoming_classes" time="0.036" /><testcase classname="backend.tests.test_institution_settings.TestZoomIntegration" name="test_zoom_test_connection_requires_credentials" time="0.298" /><testcase classname="backend.tests.test_institution_settings.TestZoomIntegration" name="test_zoom_create_meeting_requires_config" time="0.042" /><testcase classname="backend.tests.test_institution_settings.TestEmailIntegration" name="test_email_test_requires_credentials" time="0.298" /></testsuite></testsuites>