<?xml version="1.0" encoding="utf-8"?><testsuites name="pytest tests"><testsuite name="pytest" errors="0" failures="0" skipped="0" tests="22" time="1.420" timestamp="2026-01-31T01:47:58.329215+00:00" hostname="agent-env-1125dcaa-6f7b-44d4-9982-ccf19f050744"><testcase classname="tests.test_institution_custom_packs.TestInstitutionCustomPacksAPI" name="test_get_exam_types" time="0.394" /><testcase classname="tests.test_institution_custom_packs.TestInstitutionCustomPacksAPI" name="test_get_oet_professions" time="0.038" /><testcase classname="tests.test_institution_custom_packs.TestInstitutionCustomPacksAPI" name="test_create_pack" time="0.044" /><testcase classname="tests.test_institution_custom_packs.TestInstitutionCustomPacksAPI" name="test_get_institution_packs" time="0.043" /><testcase classname="tests.test_institution_custom_packs.TestInstitutionCustomPacksAPI" name="test_get_single_pack" time="0.035" /><testcase classname="tests.test_institution_custom_packs.TestInstitutionCustomPacksAPI" name="test_update_pack" time="0.075" /><testcase classname="tests.test_institution_custom_packs.TestInstitutionCustomPacksAPI" name="test_duplicate_pack" time="0.040" /><testcase classname="tests.test_institution_custom_packs.TestInstitutionCustomPacksAPI" name="test_get_public_packs" time="0.081" /><testcase classname="tests.test_institution_custom_packs.TestInstitutionCustomPacksAPI" name="test_get_public_packs_by_exam_type" time="0.042" /><testcase classname="tests.test_institution_custom_packs.TestInstitutionCustomPacksAPI" name="test_get_institution_sales" time="0.035" /><testcase classname="tests.test_institution_custom_packs.TestInstitutionCustomPacksAPI" name="test_purchase_pack" time="0.050" /><testcase classname="tests.test_institution_custom_packs.TestInstitutionCustomPacksAPI" name="test_purchase_pack_invalid_pack" time="0.036" /><testcase classname="tests.test_institution_custom_packs.TestInstitutionCustomPacksAPI" name="test_create_pack_invalid_exam_type" time="0.037" /><testcase classname="tests.test_institution_custom_packs.TestInstitutionCustomPacksAPI" name="test_create_pack_invalid_profession" time="0.041" /><testcase classname="tests.test_institution_custom_packs.TestInstitutionCustomPacksAPI" name="test_get_pack_not_found" time="0.039" /><testcase classname="tests.test_institution_custom_packs.TestInstitutionCustomPacksAPI" name="test_update_pack_not_found" time="0.036" /><testcase classname="tests.test_institution_custom_packs.TestInstitutionCustomPacksAPI" name="test_duplicate_pack_not_found" time="0.038" /><testcase classname="tests.test_institution_custom_packs.TestInstitutionCustomPacksAPI" name="test_get_packs_unauthorized" time="0.041" /><testcase classname="tests.test_institution_custom_packs.TestInstitutionCustomPacksAPI" name="test_create_pack_unauthorized" time="0.034" /><testcase classname="tests.test_institution_custom_packs.TestInstitutionCustomPacksAPI" name="test_delete_pack" time="0.074" /><testcase classname="tests.test_institution_custom_packs.TestInstitutionCustomPacksAPI" name="test_delete_duplicated_pack" time="0.033" /><testcase classname="tests.test_institution_custom_packs.TestInstitutionCustomPacksAPI" name="test_delete_pack_not_found" time="0.036" /></testsuite></testsuites>