<?xml version="1.0" encoding="utf-8"?><testsuites name="pytest tests"><testsuite name="pytest" errors="0" failures="4" skipped="0" tests="26" time="7.541" timestamp="2026-01-30T08:40:17.406377+00:00" hostname="agent-env-b43d88df-53e2-48c8-81dd-25a896e63519"><testcase classname="tests.test_full_regression_iteration26.TestHealthAndBasics" name="test_health_endpoint" time="0.083" /><testcase classname="tests.test_full_regression_iteration26.TestHealthAndBasics" name="test_whitelabel_themes_public" time="0.043" /><testcase classname="tests.test_full_regression_iteration26.TestAuthFlow" name="test_register_institution" time="0.308" /><testcase classname="tests.test_full_regression_iteration26.TestAuthFlow" name="test_register_student" time="0.268" /><testcase classname="tests.test_full_regression_iteration26.TestAuthFlow" name="test_login_invalid_email_format" time="0.046" /><testcase classname="tests.test_full_regression_iteration26.TestWhiteLabelFeatures" name="test_get_whitelabel_config" time="0.306" /><testcase classname="tests.test_full_regression_iteration26.TestWhiteLabelFeatures" name="test_create_whitelabel_config" time="0.304"><failure message="assert 422 in [200, 400]&#10; +  where 422 = &lt;Response [422]&gt;.status_code">tests/test_full_regression_iteration26.py:114: in test_create_whitelabel_config
    assert response.status_code in [200, 400]
E   assert 422 in [200, 400]
E    +  where 422 = &lt;Response [422]&gt;.status_code</failure></testcase><testcase classname="tests.test_full_regression_iteration26.TestWhiteLabelFeatures" name="test_verify_domain_no_domain" time="0.320" /><testcase classname="tests.test_full_regression_iteration26.TestSSOFeatures" name="test_list_sso_configs" time="0.337" /><testcase classname="tests.test_full_regression_iteration26.TestSSOFeatures" name="test_create_sso_config" time="0.301" /><testcase classname="tests.test_full_regression_iteration26.TestCommunityHub" name="test_list_forum_posts" time="0.342" /><testcase classname="tests.test_full_regression_iteration26.TestCommunityHub" name="test_list_groups" time="0.300" /><testcase classname="tests.test_full_regression_iteration26.TestCommunityHub" name="test_create_forum_post" time="0.310" /><testcase classname="tests.test_full_regression_iteration26.TestCommunityHub" name="test_get_forum_categories" time="0.299" /><testcase classname="tests.test_full_regression_iteration26.TestABTesting" name="test_list_experiments" time="0.346" /><testcase classname="tests.test_full_regression_iteration26.TestABTesting" name="test_create_experiment" time="0.297"><failure message="assert 422 == 200&#10; +  where 422 = &lt;Response [422]&gt;.status_code">tests/test_full_regression_iteration26.py:266: in test_create_experiment
    assert response.status_code == 200
E   assert 422 == 200
E    +  where 422 = &lt;Response [422]&gt;.status_code</failure></testcase><testcase classname="tests.test_full_regression_iteration26.TestGamification" name="test_gamification_profile_student" time="0.295" /><testcase classname="tests.test_full_regression_iteration26.TestGamification" name="test_gamification_profile_institution_forbidden" time="0.296" /><testcase classname="tests.test_full_regression_iteration26.TestGamification" name="test_community_gamification_profile" time="0.330" /><testcase classname="tests.test_full_regression_iteration26.TestGamification" name="test_gamification_leaderboard" time="0.487" /><testcase classname="tests.test_full_regression_iteration26.TestGamification" name="test_gamification_badges" time="0.298" /><testcase classname="tests.test_full_regression_iteration26.TestDashboardAccess" name="test_institution_dashboard" time="0.297"><failure message="assert 404 == 200&#10; +  where 404 = &lt;Response [404]&gt;.status_code">tests/test_full_regression_iteration26.py:380: in test_institution_dashboard
    assert response.status_code == 200
E   assert 404 == 200
E    +  where 404 = &lt;Response [404]&gt;.status_code</failure></testcase><testcase classname="tests.test_full_regression_iteration26.TestDashboardAccess" name="test_student_dashboard" time="0.301"><failure message="assert 404 == 200&#10; +  where 404 = &lt;Response [404]&gt;.status_code">tests/test_full_regression_iteration26.py:389: in test_student_dashboard
    assert response.status_code == 200
E   assert 404 == 200
E    +  where 404 = &lt;Response [404]&gt;.status_code</failure></testcase><testcase classname="tests.test_full_regression_iteration26.TestDashboardAccess" name="test_me_endpoint" time="0.299" /><testcase classname="tests.test_full_regression_iteration26.TestExamEndpoints" name="test_exam_types" time="0.298" /><testcase classname="tests.test_full_regression_iteration26.TestExamEndpoints" name="test_exam_practice" time="0.301" /></testsuite></testsuites>