<?xml version="1.0" encoding="utf-8"?><testsuites name="pytest tests"><testsuite name="pytest" errors="0" failures="0" skipped="0" tests="25" time="3.406" timestamp="2026-01-31T07:42:14.891843+00:00" hostname="agent-env-1125dcaa-6f7b-44d4-9982-ccf19f050744"><testcase classname="backend.tests.test_new_features_iteration40.TestTranslationService" name="test_get_supported_languages" time="0.093" /><testcase classname="backend.tests.test_new_features_iteration40.TestTranslationService" name="test_get_cached_translations_spanish" time="0.046" /><testcase classname="backend.tests.test_new_features_iteration40.TestTranslationService" name="test_get_i18n_bundle_french" time="0.042" /><testcase classname="backend.tests.test_new_features_iteration40.TestTranslationService" name="test_get_i18n_bundle_english" time="0.037" /><testcase classname="backend.tests.test_new_features_iteration40.TestTranslationService" name="test_unsupported_language_cached" time="0.035" /><testcase classname="backend.tests.test_new_features_iteration40.TestTranslationService" name="test_translate_bulk_endpoint" time="0.040" /><testcase classname="backend.tests.test_new_features_iteration40.TestTranslationService" name="test_translate_bulk_empty_texts" time="0.035" /><testcase classname="backend.tests.test_new_features_iteration40.TestTranslationService" name="test_translate_bulk_unsupported_language" time="0.038" /><testcase classname="backend.tests.test_new_features_iteration40.TestAvatarServiceProviders" name="test_get_providers" time="0.035" /><testcase classname="backend.tests.test_new_features_iteration40.TestAvatarServiceProviders" name="test_get_avatars_all" time="0.039" /><testcase classname="backend.tests.test_new_features_iteration40.TestAvatarServiceProviders" name="test_get_avatars_premium_tier" time="0.039" /><testcase classname="backend.tests.test_new_features_iteration40.TestAvatarServiceProviders" name="test_get_avatars_economic_tier" time="0.038" /><testcase classname="backend.tests.test_new_features_iteration40.TestAvatarServiceOETScenarios" name="test_get_oet_scenarios" time="0.037" /><testcase classname="backend.tests.test_new_features_iteration40.TestAvatarServiceOETScenarios" name="test_start_roleplay_economic" time="0.041" /><testcase classname="backend.tests.test_new_features_iteration40.TestAvatarServiceOETScenarios" name="test_start_roleplay_heygen" time="0.193" /><testcase classname="backend.tests.test_new_features_iteration40.TestAvatarServiceSessions" name="test_get_session" time="0.073" /><testcase classname="backend.tests.test_new_features_iteration40.TestAvatarServiceSessions" name="test_session_chat" time="0.983" /><testcase classname="backend.tests.test_new_features_iteration40.TestAvatarServiceSessions" name="test_delete_session" time="0.121" /><testcase classname="backend.tests.test_new_features_iteration40.TestAvatarServiceSessions" name="test_get_nonexistent_session" time="0.034" /><testcase classname="backend.tests.test_new_features_iteration40.TestInstitutionSalesConfig" name="test_get_sales_config" time="0.307" /><testcase classname="backend.tests.test_new_features_iteration40.TestInstitutionSalesConfig" name="test_update_sales_config" time="0.338" /><testcase classname="backend.tests.test_new_features_iteration40.TestInstitutionSalesConfig" name="test_generate_api_key" time="0.297" /><testcase classname="backend.tests.test_new_features_iteration40.TestInstitutionSalesConfig" name="test_sales_config_unauthorized" time="0.036" /><testcase classname="backend.tests.test_new_features_iteration40.TestInstitutionPacksIntegration" name="test_get_packs" time="0.297" /><testcase classname="backend.tests.test_new_features_iteration40.TestInstitutionPacksIntegration" name="test_get_exam_types" time="0.034" /></testsuite></testsuites>