<?xml version="1.0" encoding="utf-8"?><testsuites name="pytest tests"><testsuite name="pytest" errors="0" failures="0" skipped="0" tests="27" time="7.615" timestamp="2026-01-30T08:41:44.306429+00:00" hostname="agent-env-b43d88df-53e2-48c8-81dd-25a896e63519"><testcase classname="tests.test_full_regression_iteration26.TestHealthAndBasics" name="test_health_endpoint" time="0.080" /><testcase classname="tests.test_full_regression_iteration26.TestHealthAndBasics" name="test_whitelabel_themes_public" time="0.042" /><testcase classname="tests.test_full_regression_iteration26.TestAuthFlow" name="test_register_institution" time="0.269" /><testcase classname="tests.test_full_regression_iteration26.TestAuthFlow" name="test_register_student" time="0.266" /><testcase classname="tests.test_full_regression_iteration26.TestAuthFlow" name="test_login_invalid_email_format" time="0.038" /><testcase classname="tests.test_full_regression_iteration26.TestWhiteLabelFeatures" name="test_get_whitelabel_config" time="0.345" /><testcase classname="tests.test_full_regression_iteration26.TestWhiteLabelFeatures" name="test_create_whitelabel_config" time="0.345" /><testcase classname="tests.test_full_regression_iteration26.TestWhiteLabelFeatures" name="test_verify_domain_no_domain" time="0.303" /><testcase classname="tests.test_full_regression_iteration26.TestSSOFeatures" name="test_list_sso_configs" time="0.303" /><testcase classname="tests.test_full_regression_iteration26.TestSSOFeatures" name="test_create_sso_config" time="0.311" /><testcase classname="tests.test_full_regression_iteration26.TestCommunityHub" name="test_list_forum_posts" time="0.309" /><testcase classname="tests.test_full_regression_iteration26.TestCommunityHub" name="test_list_groups" time="0.346" /><testcase classname="tests.test_full_regression_iteration26.TestCommunityHub" name="test_create_forum_post" time="0.301" /><testcase classname="tests.test_full_regression_iteration26.TestCommunityHub" name="test_get_forum_categories" time="0.302" /><testcase classname="tests.test_full_regression_iteration26.TestABTesting" name="test_list_experiments" time="0.306" /><testcase classname="tests.test_full_regression_iteration26.TestABTesting" name="test_create_experiment" time="0.315" /><testcase classname="tests.test_full_regression_iteration26.TestGamification" name="test_gamification_profile_student" time="0.299" /><testcase classname="tests.test_full_regression_iteration26.TestGamification" name="test_gamification_profile_institution_forbidden" time="0.300" /><testcase classname="tests.test_full_regression_iteration26.TestGamification" name="test_community_gamification_profile" time="0.322" /><testcase classname="tests.test_full_regression_iteration26.TestGamification" name="test_gamification_leaderboard" time="0.342" /><testcase classname="tests.test_full_regression_iteration26.TestGamification" name="test_gamification_badges" time="0.298" /><testcase classname="tests.test_full_regression_iteration26.TestDashboardAccess" name="test_institution_metrics" time="0.297" /><testcase classname="tests.test_full_regression_iteration26.TestDashboardAccess" name="test_institution_analytics_overview" time="0.301" /><testcase classname="tests.test_full_regression_iteration26.TestDashboardAccess" name="test_student_credits" time="0.297" /><testcase classname="tests.test_full_regression_iteration26.TestDashboardAccess" name="test_me_endpoint" time="0.293" /><testcase classname="tests.test_full_regression_iteration26.TestExamEndpoints" name="test_exam_types" time="0.299" /><testcase classname="tests.test_full_regression_iteration26.TestExamEndpoints" name="test_exam_practice" time="0.296" /></testsuite></testsuites>