<?xml version="1.0" encoding="utf-8"?><testsuites name="pytest tests"><testsuite name="pytest" errors="0" failures="0" skipped="0" tests="7" time="3.528" timestamp="2026-01-28T08:29:04.811604+00:00" hostname="agent-env-5fd39e82-52f6-4367-ae15-fc6432411958"><testcase classname="backend.tests.test_messaging.TestMessagingRouter" name="test_get_messaging_providers" time="0.591" /><testcase classname="backend.tests.test_messaging.TestMessagingRouter" name="test_get_messaging_config" time="0.555" /><testcase classname="backend.tests.test_messaging.TestMessagingRouter" name="test_update_messaging_config" time="0.606" /><testcase classname="backend.tests.test_messaging.TestMessagingRouter" name="test_get_messaging_logs" time="0.558" /><testcase classname="backend.tests.test_messaging.TestMessagingRouter" name="test_messaging_logs_with_limit" time="0.568" /><testcase classname="backend.tests.test_messaging.TestMessagingProviderDetails" name="test_providers_have_correct_features" time="0.291" /><testcase classname="backend.tests.test_messaging.TestMessagingProviderDetails" name="test_providers_have_regions" time="0.295" /></testsuite></testsuites>