<?xml version="1.0" encoding="utf-8"?><testsuites name="pytest tests"><testsuite name="pytest" errors="0" failures="3" skipped="0" tests="7" time="3.673" timestamp="2026-01-28T08:28:29.938853+00:00" hostname="agent-env-5fd39e82-52f6-4367-ae15-fc6432411958"><testcase classname="backend.tests.test_messaging.TestMessagingRouter" name="test_get_messaging_providers" time="0.609"><failure message="AssertionError: assert 'regions' in {'fields': ['account_sid', 'auth_token', 'from_number', 'whatsapp_number'], 'id': 'twilio', 'name': 'Twilio', 'region': 'Global', ...}">backend/tests/test_messaging.py:56: in test_get_messaging_providers
    assert "regions" in provider
E   AssertionError: assert 'regions' in {'fields': ['account_sid', 'auth_token', 'from_number', 'whatsapp_number'], 'id': 'twilio', 'name': 'Twilio', 'region': 'Global', ...}</failure></testcase><testcase classname="backend.tests.test_messaging.TestMessagingRouter" name="test_get_messaging_config" time="0.593" /><testcase classname="backend.tests.test_messaging.TestMessagingRouter" name="test_update_messaging_config" time="0.591" /><testcase classname="backend.tests.test_messaging.TestMessagingRouter" name="test_get_messaging_logs" time="0.571" /><testcase classname="backend.tests.test_messaging.TestMessagingRouter" name="test_messaging_logs_with_limit" time="0.597" /><testcase classname="backend.tests.test_messaging.TestMessagingProviderDetails" name="test_providers_have_correct_features" time="0.330"><failure message="KeyError: 'features'">backend/tests/test_messaging.py:161: in test_providers_have_correct_features
    assert "SMS" in twilio["features"] or "sms" in [f.lower() for f in twilio["features"]]
                    ^^^^^^^^^^^^^^^^^^
E   KeyError: 'features'</failure></testcase><testcase classname="backend.tests.test_messaging.TestMessagingProviderDetails" name="test_providers_have_regions" time="0.290"><failure message="KeyError: 'regions'">backend/tests/test_messaging.py:172: in test_providers_have_regions
    assert len(provider["regions"]) &gt; 0, f"Provider {provider['id']} has no regions"
               ^^^^^^^^^^^^^^^^^^^
E   KeyError: 'regions'</failure></testcase></testsuite></testsuites>