<?xml version="1.0" encoding="utf-8"?><testsuites name="pytest tests"><testsuite name="pytest" errors="0" failures="1" skipped="3" tests="36" time="3.270" timestamp="2026-01-29T14:59:27.732124+00:00" hostname="agent-env-9acefdbf-255f-4840-a589-5db3b44ea9fd"><testcase classname="tests.test_new_routers.TestAuthentication" name="test_login_success" time="0.305" /><testcase classname="tests.test_new_routers.TestABTesting" name="test_create_experiment" time="0.318" /><testcase classname="tests.test_new_routers.TestABTesting" name="test_list_experiments" time="0.047" /><testcase classname="tests.test_new_routers.TestABTesting" name="test_get_experiment_with_stats" time="0.083" /><testcase classname="tests.test_new_routers.TestABTesting" name="test_assign_variant_to_user" time="0.049" /><testcase classname="tests.test_new_routers.TestABTesting" name="test_track_conversion_event" time="0.084" /><testcase classname="tests.test_new_routers.TestABTesting" name="test_get_existing_experiment" time="0.049" /><testcase classname="tests.test_new_routers.TestABTesting" name="test_assign_variant_invalid_experiment" time="0.037" /><testcase classname="tests.test_new_routers.TestGamification" name="test_get_available_badges" time="0.039" /><testcase classname="tests.test_new_routers.TestGamification" name="test_get_badges_by_category" time="0.042" /><testcase classname="tests.test_new_routers.TestGamification" name="test_get_my_badges" time="0.310" /><testcase classname="tests.test_new_routers.TestGamification" name="test_get_leaderboard" time="0.040" /><testcase classname="tests.test_new_routers.TestGamification" name="test_get_leaderboard_returns_list" time="0.042" /><testcase classname="tests.test_new_routers.TestGamification" name="test_get_streak" time="0.039" /><testcase classname="tests.test_new_routers.TestGamification" name="test_record_streak_activity" time="0.047" /><testcase classname="tests.test_new_routers.TestGamification" name="test_get_points" time="0.042" /><testcase classname="tests.test_new_routers.TestGamification" name="test_check_and_award_badges" time="0.081" /><testcase classname="tests.test_new_routers.TestMarketplace" name="test_list_categories" time="0.034" /><testcase classname="tests.test_new_routers.TestMarketplace" name="test_create_listing" time="0.317"><failure message="AssertionError: Create listing failed: Internal Server Error&#10;assert 520 == 200&#10; +  where 520 = &lt;Response [520]&gt;.status_code">tests/test_new_routers.py:405: in test_create_listing
    assert response.status_code == 200, f"Create listing failed: {response.text}"
E   AssertionError: Create listing failed: Internal Server Error
E   assert 520 == 200
E    +  where 520 = &lt;Response [520]&gt;.status_code</failure></testcase><testcase classname="tests.test_new_routers.TestMarketplace" name="test_get_listings" time="0.039" /><testcase classname="tests.test_new_routers.TestMarketplace" name="test_get_listings_with_filters" time="0.042" /><testcase classname="tests.test_new_routers.TestMarketplace" name="test_get_my_listings" time="0.041" /><testcase classname="tests.test_new_routers.TestMarketplace" name="test_get_specific_listing" time="0.043"><skipped type="pytest.skip" message="No listing created">/app/backend/tests/test_new_routers.py:446: No listing created</skipped></testcase><testcase classname="tests.test_new_routers.TestMarketplace" name="test_update_listing" time="0.000"><skipped type="pytest.skip" message="No listing created">/app/backend/tests/test_new_routers.py:460: No listing created</skipped></testcase><testcase classname="tests.test_new_routers.TestMarketplace" name="test_create_order" time="0.000"><skipped type="pytest.skip" message="No listing created">/app/backend/tests/test_new_routers.py:483: No listing created</skipped></testcase><testcase classname="tests.test_new_routers.TestMarketplace" name="test_get_orders" time="0.037" /><testcase classname="tests.test_new_routers.TestAdmin" name="test_admin_settings_requires_admin_type" time="0.295" /><testcase classname="tests.test_new_routers.TestAdmin" name="test_admin_stats_requires_admin_type" time="0.038" /><testcase classname="tests.test_new_routers.TestAdmin" name="test_exam_bank_requires_admin_type" time="0.038" /><testcase classname="tests.test_new_routers.TestAdmin" name="test_exam_overview_requires_admin_type" time="0.038" /><testcase classname="tests.test_new_routers.TestAdmin" name="test_pricing_analysis_requires_admin_type" time="0.041" /><testcase classname="tests.test_new_routers.TestAdmin" name="test_trial_requests_requires_admin_type" time="0.038" /><testcase classname="tests.test_new_routers.TestRouterHealth" name="test_ab_testing_router_health" time="0.325" /><testcase classname="tests.test_new_routers.TestRouterHealth" name="test_gamification_router_health" time="0.037" /><testcase classname="tests.test_new_routers.TestRouterHealth" name="test_marketplace_router_health" time="0.035" /><testcase classname="tests.test_new_routers.TestRouterHealth" name="test_admin_router_health" time="0.044" /></testsuite></testsuites>