<?xml version="1.0" encoding="utf-8"?><testsuites name="pytest tests"><testsuite name="pytest" errors="0" failures="0" skipped="0" tests="36" time="31.059" timestamp="2026-01-29T15:01:08.661144+00:00" hostname="agent-env-9acefdbf-255f-4840-a589-5db3b44ea9fd"><testcase classname="tests.test_new_routers.TestAuthentication" name="test_login_success" time="0.314" /><testcase classname="tests.test_new_routers.TestABTesting" name="test_create_experiment" time="0.308" /><testcase classname="tests.test_new_routers.TestABTesting" name="test_list_experiments" time="0.048" /><testcase classname="tests.test_new_routers.TestABTesting" name="test_get_experiment_with_stats" time="0.091" /><testcase classname="tests.test_new_routers.TestABTesting" name="test_assign_variant_to_user" time="0.046" /><testcase classname="tests.test_new_routers.TestABTesting" name="test_track_conversion_event" time="0.121" /><testcase classname="tests.test_new_routers.TestABTesting" name="test_get_existing_experiment" time="0.044" /><testcase classname="tests.test_new_routers.TestABTesting" name="test_assign_variant_invalid_experiment" time="0.040" /><testcase classname="tests.test_new_routers.TestGamification" name="test_get_available_badges" time="0.038" /><testcase classname="tests.test_new_routers.TestGamification" name="test_get_badges_by_category" time="0.043" /><testcase classname="tests.test_new_routers.TestGamification" name="test_get_my_badges" time="0.306" /><testcase classname="tests.test_new_routers.TestGamification" name="test_get_leaderboard" time="0.052" /><testcase classname="tests.test_new_routers.TestGamification" name="test_get_leaderboard_returns_list" time="0.043" /><testcase classname="tests.test_new_routers.TestGamification" name="test_get_streak" time="0.043" /><testcase classname="tests.test_new_routers.TestGamification" name="test_record_streak_activity" time="0.042" /><testcase classname="tests.test_new_routers.TestGamification" name="test_get_points" time="0.038" /><testcase classname="tests.test_new_routers.TestGamification" name="test_check_and_award_badges" time="0.053" /><testcase classname="tests.test_new_routers.TestMarketplace" name="test_list_categories" time="0.035" /><testcase classname="tests.test_new_routers.TestMarketplace" name="test_create_listing" time="0.301" /><testcase classname="tests.test_new_routers.TestMarketplace" name="test_get_listings" time="0.039" /><testcase classname="tests.test_new_routers.TestMarketplace" name="test_get_listings_with_filters" time="0.040" /><testcase classname="tests.test_new_routers.TestMarketplace" name="test_get_my_listings" time="0.040" /><testcase classname="tests.test_new_routers.TestMarketplace" name="test_get_specific_listing" time="0.078" /><testcase classname="tests.test_new_routers.TestMarketplace" name="test_update_listing" time="0.081" /><testcase classname="tests.test_new_routers.TestMarketplace" name="test_create_order" time="0.042" /><testcase classname="tests.test_new_routers.TestMarketplace" name="test_get_orders" time="0.082" /><testcase classname="tests.test_new_routers.TestAdmin" name="test_admin_settings_requires_admin_type" time="0.290" /><testcase classname="tests.test_new_routers.TestAdmin" name="test_admin_stats_requires_admin_type" time="0.036" /><testcase classname="tests.test_new_routers.TestAdmin" name="test_exam_bank_requires_admin_type" time="0.041" /><testcase classname="tests.test_new_routers.TestAdmin" name="test_exam_overview_requires_admin_type" time="27.573" /><testcase classname="tests.test_new_routers.TestAdmin" name="test_pricing_analysis_requires_admin_type" time="0.097" /><testcase classname="tests.test_new_routers.TestAdmin" name="test_trial_requests_requires_admin_type" time="0.082" /><testcase classname="tests.test_new_routers.TestRouterHealth" name="test_ab_testing_router_health" time="0.304" /><testcase classname="tests.test_new_routers.TestRouterHealth" name="test_gamification_router_health" time="0.042" /><testcase classname="tests.test_new_routers.TestRouterHealth" name="test_marketplace_router_health" time="0.039" /><testcase classname="tests.test_new_routers.TestRouterHealth" name="test_admin_router_health" time="0.034" /></testsuite></testsuites>