<?xml version="1.0" encoding="utf-8"?><testsuites name="pytest tests"><testsuite name="pytest" errors="0" failures="0" skipped="0" tests="10" time="1.427" timestamp="2026-01-31T01:10:09.392863+00:00" hostname="agent-env-2d3b6761-8aaf-43c6-b8d1-e11bb49ab590"><testcase classname="backend.tests.test_oet_packs_speaking.TestOETExamPacksPublic" name="test_get_nursing_packs" time="0.059" /><testcase classname="backend.tests.test_oet_packs_speaking.TestOETExamPacksPublic" name="test_get_medicine_packs" time="0.041" /><testcase classname="backend.tests.test_oet_packs_speaking.TestOETExamPacksPublic" name="test_get_any_profession_packs" time="0.038" /><testcase classname="backend.tests.test_oet_packs_speaking.TestOETSpeakingMockPublic" name="test_get_role_plays" time="0.038" /><testcase classname="backend.tests.test_oet_packs_speaking.TestOETSpeakingMockPublic" name="test_get_role_play_details" time="0.052" /><testcase classname="backend.tests.test_oet_packs_speaking.TestOETSpeakingMockPublic" name="test_get_invalid_role_play" time="0.044" /><testcase classname="backend.tests.test_oet_packs_speaking.TestOETSpeakingMockAuthenticated" name="test_start_speaking_session" time="0.419" /><testcase classname="backend.tests.test_oet_packs_speaking.TestOETSpeakingMockAuthenticated" name="test_get_user_sessions" time="0.301" /><testcase classname="backend.tests.test_oet_packs_speaking.TestOETExamPacksPurchase" name="test_create_checkout_session" time="0.320" /><testcase classname="backend.tests.test_oet_packs_speaking.TestOETProfessionDashboards" name="test_get_professions_list" time="0.043" /></testsuite></testsuites>