<?xml version="1.0" encoding="utf-8"?><testsuites name="pytest tests"><testsuite name="pytest" errors="0" failures="3" skipped="0" tests="10" time="1.396" timestamp="2026-01-31T01:09:34.236298+00:00" hostname="agent-env-2d3b6761-8aaf-43c6-b8d1-e11bb49ab590"><testcase classname="backend.tests.test_oet_packs_speaking.TestOETExamPacksPublic" name="test_get_nursing_packs" time="0.077" /><testcase classname="backend.tests.test_oet_packs_speaking.TestOETExamPacksPublic" name="test_get_medicine_packs" time="0.035"><failure message="assert 2 == 3">backend/tests/test_oet_packs_speaking.py:69: in test_get_medicine_packs
    assert data["count"] == 3
E   assert 2 == 3</failure></testcase><testcase classname="backend.tests.test_oet_packs_speaking.TestOETExamPacksPublic" name="test_get_invalid_profession_packs" time="0.040"><failure message="assert 200 == 404&#10; +  where 200 = &lt;Response [200]&gt;.status_code">backend/tests/test_oet_packs_speaking.py:81: in test_get_invalid_profession_packs
    assert response.status_code == 404
E   assert 200 == 404
E    +  where 200 = &lt;Response [200]&gt;.status_code</failure></testcase><testcase classname="backend.tests.test_oet_packs_speaking.TestOETSpeakingMockPublic" name="test_get_role_plays" time="0.042" /><testcase classname="backend.tests.test_oet_packs_speaking.TestOETSpeakingMockPublic" name="test_get_role_play_details" time="0.035" /><testcase classname="backend.tests.test_oet_packs_speaking.TestOETSpeakingMockPublic" name="test_get_invalid_role_play" time="0.037" /><testcase classname="backend.tests.test_oet_packs_speaking.TestOETSpeakingMockAuthenticated" name="test_start_speaking_session" time="0.392" /><testcase classname="backend.tests.test_oet_packs_speaking.TestOETSpeakingMockAuthenticated" name="test_get_user_sessions" time="0.305" /><testcase classname="backend.tests.test_oet_packs_speaking.TestOETExamPacksPurchase" name="test_create_checkout_session" time="0.295"><failure message="assert 404 in [200, 500, 400]&#10; +  where 404 = &lt;Response [404]&gt;.status_code">backend/tests/test_oet_packs_speaking.py:224: in test_create_checkout_session
    assert response.status_code in [200, 500, 400]
E   assert 404 in [200, 500, 400]
E    +  where 404 = &lt;Response [404]&gt;.status_code</failure></testcase><testcase classname="backend.tests.test_oet_packs_speaking.TestOETProfessionDashboards" name="test_get_professions_list" time="0.036" /></testsuite></testsuites>