<?xml version="1.0" encoding="utf-8"?><testsuites name="pytest tests"><testsuite name="pytest" errors="0" failures="0" skipped="0" tests="13" time="2.658" timestamp="2026-01-31T01:08:54.254242+00:00" hostname="agent-env-2d3b6761-8aaf-43c6-b8d1-e11bb49ab590"><testcase classname="backend.tests.test_oet_exam_system.TestOETExamPublicEndpoints" name="test_health_check" time="0.062" /><testcase classname="backend.tests.test_oet_exam_system.TestOETExamPublicEndpoints" name="test_get_available_mocks_public" time="0.040" /><testcase classname="backend.tests.test_oet_exam_system.TestOETExamPublicEndpoints" name="test_get_oet_professions" time="0.036" /><testcase classname="backend.tests.test_oet_exam_system.TestOETExamPublicEndpoints" name="test_get_exam_structure" time="0.036" /><testcase classname="backend.tests.test_oet_exam_system.TestOETExamAuthenticatedEndpoints" name="test_get_student_dashboard" time="0.299" /><testcase classname="backend.tests.test_oet_exam_system.TestOETExamAuthenticatedEndpoints" name="test_get_mock_exam_content" time="0.297" /><testcase classname="backend.tests.test_oet_exam_system.TestOETExamAuthenticatedEndpoints" name="test_get_mock_exam_content_locked" time="0.313" /><testcase classname="backend.tests.test_oet_exam_system.TestOETExamAuthenticatedEndpoints" name="test_get_mock_exam_content_invalid_section" time="0.302" /><testcase classname="backend.tests.test_oet_exam_system.TestOETExamAuthenticatedEndpoints" name="test_get_institution_config" time="0.296" /><testcase classname="backend.tests.test_oet_exam_system.TestOETExamContentValidation" name="test_listening_part_a_questions" time="0.291" /><testcase classname="backend.tests.test_oet_exam_system.TestOETExamContentValidation" name="test_listening_part_b_multiple_choice" time="0.299" /><testcase classname="backend.tests.test_oet_exam_system.TestOETExamContentValidation" name="test_listening_part_c_interviews" time="0.292" /><testcase classname="backend.tests.test_oet_exam_system.TestOETExamMockSections" name="test_mock_sections_structure" time="0.034" /></testsuite></testsuites>