<?xml version="1.0" encoding="utf-8"?><testsuites name="pytest tests"><testsuite name="pytest" errors="0" failures="0" skipped="0" tests="6" time="1.981" timestamp="2026-01-30T14:53:19.958740+00:00" hostname="agent-env-dd24db2d-c8dd-4846-87db-efd82653db43"><testcase classname="backend.tests.test_p0_p1_features.TestAIAgentsConfig" name="test_get_ai_agents_config" time="0.356" /><testcase classname="backend.tests.test_p0_p1_features.TestAIAgentsConfig" name="test_save_ai_agents_config" time="0.304" /><testcase classname="backend.tests.test_p0_p1_features.TestAIAgentsConfig" name="test_get_available_agents" time="0.310" /><testcase classname="backend.tests.test_p0_p1_features.TestStudentExamDashboard" name="test_get_student_credits" time="0.349" /><testcase classname="backend.tests.test_p0_p1_features.TestStudentExamDashboard" name="test_get_exam_history" time="0.305" /><testcase classname="backend.tests.test_p0_p1_features.TestStudentExamDashboard" name="test_get_upsell_options" time="0.300" /></testsuite></testsuites>