<?xml version="1.0" encoding="utf-8"?><testsuites name="pytest tests"><testsuite name="pytest" errors="0" failures="2" skipped="0" tests="22" time="1.873" timestamp="2026-01-28T13:56:26.302711+00:00" hostname="agent-env-5fd39e82-52f6-4367-ae15-fc6432411958"><testcase classname="backend.tests.test_pricing_analytics_email.TestPricingPublic" name="test_get_public_pricing" time="0.063" /><testcase classname="backend.tests.test_pricing_analytics_email.TestPricingPublic" name="test_public_pricing_volume_tiers" time="0.040" /><testcase classname="backend.tests.test_pricing_analytics_email.TestPricingPublic" name="test_public_pricing_mobile_app" time="0.046" /><testcase classname="backend.tests.test_pricing_analytics_email.TestPricingPublic" name="test_public_pricing_credit_packages" time="0.036" /><testcase classname="backend.tests.test_pricing_analytics_email.TestPricingConfig" name="test_get_pricing_config_superadmin" time="0.308" /><testcase classname="backend.tests.test_pricing_analytics_email.TestPricingConfig" name="test_get_pricing_config_unauthorized" time="0.303" /><testcase classname="backend.tests.test_pricing_analytics_email.TestPricingConfig" name="test_update_pricing_config_superadmin" time="0.043" /><testcase classname="backend.tests.test_pricing_analytics_email.TestPricingConfig" name="test_update_pricing_config_forbidden" time="0.041" /><testcase classname="backend.tests.test_pricing_analytics_email.TestAnalyticsInstitution" name="test_get_institution_overview" time="0.078" /><testcase classname="backend.tests.test_pricing_analytics_email.TestAnalyticsInstitution" name="test_get_institution_overview_with_period" time="0.040" /><testcase classname="backend.tests.test_pricing_analytics_email.TestAnalyticsInstitution" name="test_get_students_at_risk" time="0.046" /><testcase classname="backend.tests.test_pricing_analytics_email.TestAnalyticsInstitution" name="test_get_students_at_risk_custom_threshold" time="0.037" /><testcase classname="backend.tests.test_pricing_analytics_email.TestAnalyticsInstitution" name="test_institution_analytics_forbidden_for_student" time="0.299" /><testcase classname="backend.tests.test_pricing_analytics_email.TestAnalyticsStudent" name="test_get_student_predictive" time="0.039" /><testcase classname="backend.tests.test_pricing_analytics_email.TestAnalyticsStudent" name="test_student_predictive_forbidden_for_institution" time="0.036" /><testcase classname="backend.tests.test_pricing_analytics_email.TestEmailProviders" name="test_get_email_providers" time="0.040" /><testcase classname="backend.tests.test_pricing_analytics_email.TestEmailConfig" name="test_get_email_config" time="0.044" /><testcase classname="backend.tests.test_pricing_analytics_email.TestEmailConfig" name="test_save_email_config" time="0.035" /><testcase classname="backend.tests.test_pricing_analytics_email.TestEmailConfig" name="test_email_config_forbidden_for_student" time="0.036" /><testcase classname="backend.tests.test_pricing_analytics_email.TestEmailConfig" name="test_email_config_forbidden_for_superadmin" time="0.078" /><testcase classname="backend.tests.test_pricing_analytics_email.TestPricingCalculator" name="test_calculate_pricing" time="0.039"><failure message="assert 422 == 200&#10; +  where 422 = &lt;Response [422]&gt;.status_code">backend/tests/test_pricing_analytics_email.py:394: in test_calculate_pricing
    assert response.status_code == 200
E   assert 422 == 200
E    +  where 422 = &lt;Response [422]&gt;.status_code</failure></testcase><testcase classname="backend.tests.test_pricing_analytics_email.TestPricingCalculator" name="test_calculate_pricing_invalid_plan" time="0.036"><failure message="assert 422 == 400&#10; +  where 422 = &lt;Response [422]&gt;.status_code">backend/tests/test_pricing_analytics_email.py:415: in test_calculate_pricing_invalid_plan
    assert response.status_code == 400
E   assert 422 == 400
E    +  where 422 = &lt;Response [422]&gt;.status_code</failure></testcase></testsuite></testsuites>