<?xml version="1.0" encoding="utf-8"?><testsuites name="pytest tests"><testsuite name="pytest" errors="0" failures="1" skipped="0" tests="16" time="2.039" timestamp="2026-01-06T12:00:00.735466+00:00" hostname="agent-env-0e8d7e9f-f9e5-45ee-9e88-19ac35bbbc17"><testcase classname="tests.test_pricing_features.TestPricingCalculator" name="test_pricing_calculate_basic_tier" time="0.073" /><testcase classname="tests.test_pricing_features.TestPricingCalculator" name="test_pricing_calculate_medium_tier" time="0.039" /><testcase classname="tests.test_pricing_features.TestPricingCalculator" name="test_pricing_calculate_intensive_tier" time="0.041" /><testcase classname="tests.test_pricing_features.TestPricingCalculator" name="test_pricing_volume_discount" time="0.076" /><testcase classname="tests.test_pricing_features.TestPricingCalculator" name="test_pricing_exam_multiplier" time="0.076" /><testcase classname="tests.test_pricing_features.TestCreditTiers" name="test_get_credit_tiers" time="0.037" /><testcase classname="tests.test_pricing_features.TestTestPackages" name="test_get_test_packages" time="0.035" /><testcase classname="tests.test_pricing_features.TestTestPackages" name="test_writing_package_volume_discount" time="0.036" /><testcase classname="tests.test_pricing_features.TestTestPackages" name="test_speaking_package_volume_discount" time="0.041" /><testcase classname="tests.test_pricing_features.TestMonetizationCalculator" name="test_monetization_calculator_basic" time="0.038" /><testcase classname="tests.test_pricing_features.TestMonetizationCalculator" name="test_monetization_calculator_zero_tests" time="0.035" /><testcase classname="tests.test_pricing_features.TestMonetizationCalculator" name="test_monetization_calculator_high_volume" time="0.036" /><testcase classname="tests.test_pricing_features.TestStripeCheckout" name="test_subscription_checkout_endpoint_exists" time="0.660" /><testcase classname="tests.test_pricing_features.TestStripeCheckout" name="test_test_package_checkout_endpoint_exists" time="0.407" /><testcase classname="tests.test_pricing_features.TestStripeCheckout" name="test_checkout_status_endpoint" time="0.212"><failure message="AssertionError: Unexpected status: 520&#10;assert 520 in [200, 404, 500]&#10; +  where 520 = &lt;Response [520]&gt;.status_code">tests/test_pricing_features.py:331: in test_checkout_status_endpoint
    assert response.status_code in [200, 404, 500], f"Unexpected status: {response.status_code}"
E   AssertionError: Unexpected status: 520
E   assert 520 in [200, 404, 500]
E    +  where 520 = &lt;Response [520]&gt;.status_code</failure></testcase><testcase classname="tests.test_pricing_features.TestPricingTiers" name="test_get_pricing_tiers" time="0.037" /></testsuite></testsuites>