<?xml version="1.0" encoding="utf-8"?><testsuites name="pytest tests"><testsuite name="pytest" errors="0" failures="0" skipped="0" tests="23" time="2.592" timestamp="2026-01-31T08:54:31.478811+00:00" hostname="agent-env-1125dcaa-6f7b-44d4-9982-ccf19f050744"><testcase classname="backend.tests.test_public_store.TestPublicStoreEndpoints" name="test_get_institutions_returns_platform_sellers" time="0.073" /><testcase classname="backend.tests.test_public_store.TestPublicStoreEndpoints" name="test_get_institutions_includes_demo_academy" time="0.043" /><testcase classname="backend.tests.test_public_store.TestPublicStoreEndpoints" name="test_get_packs_returns_available_packs" time="0.045" /><testcase classname="backend.tests.test_public_store.TestPublicStoreEndpoints" name="test_get_packs_filter_by_exam_type_oet" time="0.043" /><testcase classname="backend.tests.test_public_store.TestPublicStoreEndpoints" name="test_get_packs_filter_by_exam_type_ielts" time="0.038" /><testcase classname="backend.tests.test_public_store.TestPublicStoreEndpoints" name="test_get_packs_filter_by_institution" time="0.035" /><testcase classname="backend.tests.test_public_store.TestPublicStoreEndpoints" name="test_get_packs_filter_non_platform_institution" time="0.038" /><testcase classname="backend.tests.test_public_store.TestPublicStoreEndpoints" name="test_get_pack_details_success" time="0.041" /><testcase classname="backend.tests.test_public_store.TestPublicStoreEndpoints" name="test_get_pack_details_not_found" time="0.040" /><testcase classname="backend.tests.test_public_store.TestPublicStoreEndpoints" name="test_get_exam_types_returns_available_types" time="0.034" /><testcase classname="backend.tests.test_public_store.TestAuthenticatedStoreEndpoints" name="test_checkout_requires_auth" time="0.035" /><testcase classname="backend.tests.test_public_store.TestAuthenticatedStoreEndpoints" name="test_checkout_creates_session_stripe_test_mode" time="0.538" /><testcase classname="backend.tests.test_public_store.TestAuthenticatedStoreEndpoints" name="test_checkout_invalid_pack_returns_404" time="0.305" /><testcase classname="backend.tests.test_public_store.TestAuthenticatedStoreEndpoints" name="test_get_order_requires_auth" time="0.078" /><testcase classname="backend.tests.test_public_store.TestAuthenticatedStoreEndpoints" name="test_get_order_not_found" time="0.297" /><testcase classname="backend.tests.test_public_store.TestAuthenticatedStoreEndpoints" name="test_complete_order_requires_auth" time="0.036" /><testcase classname="backend.tests.test_public_store.TestAuthenticatedStoreEndpoints" name="test_complete_order_not_found" time="0.291" /><testcase classname="backend.tests.test_public_store.TestAuthenticatedStoreEndpoints" name="test_my_purchases_requires_auth" time="0.036" /><testcase classname="backend.tests.test_public_store.TestAuthenticatedStoreEndpoints" name="test_my_purchases_returns_empty_for_new_student" time="0.296" /><testcase classname="backend.tests.test_public_store.TestSalesModeFiltering" name="test_only_platform_institutions_shown" time="0.039" /><testcase classname="backend.tests.test_public_store.TestSalesModeFiltering" name="test_packs_only_from_platform_institutions" time="0.038" /><testcase classname="backend.tests.test_public_store.TestPackDataIntegrity" name="test_oet_pack_has_all_features" time="0.037" /><testcase classname="backend.tests.test_public_store.TestPackDataIntegrity" name="test_ielts_pack_has_all_features" time="0.037" /></testsuite></testsuites>