<?xml version="1.0" encoding="utf-8"?><testsuites name="pytest tests"><testsuite name="pytest" errors="0" failures="1" skipped="0" tests="16" time="2.611" timestamp="2026-01-30T22:43:38.579713+00:00" hostname="agent-env-6ea99289-be43-4af6-bfeb-765c96fbc072"><testcase classname="backend.tests.test_section_exams_language.TestBackendHealth" name="test_health_endpoint" time="0.062" /><testcase classname="backend.tests.test_section_exams_language.TestAvailableModes" name="test_available_modes_ielts_academic" time="0.041" /><testcase classname="backend.tests.test_section_exams_language.TestAvailableModes" name="test_available_modes_toefl" time="0.042" /><testcase classname="backend.tests.test_section_exams_language.TestAvailableModes" name="test_available_modes_unknown_type" time="0.080" /><testcase classname="backend.tests.test_section_exams_language.TestAuthenticatedExamEndpoints" name="test_get_in_progress_exams" time="0.373" /><testcase classname="backend.tests.test_section_exams_language.TestAuthenticatedExamEndpoints" name="test_get_exam_progress_not_started" time="0.303" /><testcase classname="backend.tests.test_section_exams_language.TestAuthenticatedExamEndpoints" name="test_start_exam_full_mode" time="0.299" /><testcase classname="backend.tests.test_section_exams_language.TestAuthenticatedExamEndpoints" name="test_start_exam_section_mode" time="0.292" /><testcase classname="backend.tests.test_section_exams_language.TestAuthenticatedExamEndpoints" name="test_complete_section_without_progress" time="0.303" /><testcase classname="backend.tests.test_section_exams_language.TestAuthenticatedExamEndpoints" name="test_exam_dashboard_with_sections" time="0.298" /><testcase classname="backend.tests.test_section_exams_language.TestExamWithPurchasedAccess" name="test_full_section_exam_flow" time="0.415"><failure message="assert 400 == 200&#10; +  where 400 = &lt;Response [400]&gt;.status_code">backend/tests/test_section_exams_language.py:299: in test_full_section_exam_flow
    assert complete_response.status_code == 200
E   assert 400 == 200
E    +  where 400 = &lt;Response [400]&gt;.status_code</failure></testcase><testcase classname="backend.tests.test_section_exams_language.TestLanguageSelectorIntegration" name="test_i18n_languages_count" time="0.003" /><testcase classname="backend.tests.test_section_exams_language.TestLanguageSelectorIntegration" name="test_language_selector_component_exists" time="0.000" /><testcase classname="backend.tests.test_section_exams_language.TestLanguageSelectorIntegration" name="test_landing_page_has_language_selector" time="0.000" /><testcase classname="backend.tests.test_section_exams_language.TestLanguageSelectorIntegration" name="test_student_dashboard_has_language_selector" time="0.000" /><testcase classname="backend.tests.test_section_exams_language.TestLanguageSelectorIntegration" name="test_institution_dashboard_has_language_selector" time="0.001" /></testsuite></testsuites>