<?xml version="1.0" encoding="utf-8"?><testsuites name="pytest tests"><testsuite name="pytest" errors="0" failures="0" skipped="0" tests="16" time="2.580" timestamp="2026-01-30T22:44:12.084787+00:00" hostname="agent-env-6ea99289-be43-4af6-bfeb-765c96fbc072"><testcase classname="backend.tests.test_section_exams_language.TestBackendHealth" name="test_health_endpoint" time="0.113" /><testcase classname="backend.tests.test_section_exams_language.TestAvailableModes" name="test_available_modes_ielts_academic" time="0.039" /><testcase classname="backend.tests.test_section_exams_language.TestAvailableModes" name="test_available_modes_toefl" time="0.036" /><testcase classname="backend.tests.test_section_exams_language.TestAvailableModes" name="test_available_modes_unknown_type" time="0.035" /><testcase classname="backend.tests.test_section_exams_language.TestAuthenticatedExamEndpoints" name="test_get_in_progress_exams" time="0.299" /><testcase classname="backend.tests.test_section_exams_language.TestAuthenticatedExamEndpoints" name="test_get_exam_progress_not_started" time="0.336" /><testcase classname="backend.tests.test_section_exams_language.TestAuthenticatedExamEndpoints" name="test_start_exam_full_mode" time="0.297" /><testcase classname="backend.tests.test_section_exams_language.TestAuthenticatedExamEndpoints" name="test_start_exam_section_mode" time="0.295" /><testcase classname="backend.tests.test_section_exams_language.TestAuthenticatedExamEndpoints" name="test_complete_section_without_progress" time="0.293" /><testcase classname="backend.tests.test_section_exams_language.TestAuthenticatedExamEndpoints" name="test_exam_dashboard_with_sections" time="0.336" /><testcase classname="backend.tests.test_section_exams_language.TestExamWithPurchasedAccess" name="test_full_section_exam_flow" time="0.442" /><testcase classname="backend.tests.test_section_exams_language.TestLanguageSelectorIntegration" name="test_i18n_languages_count" time="0.004" /><testcase classname="backend.tests.test_section_exams_language.TestLanguageSelectorIntegration" name="test_language_selector_component_exists" time="0.000" /><testcase classname="backend.tests.test_section_exams_language.TestLanguageSelectorIntegration" name="test_landing_page_has_language_selector" time="0.000" /><testcase classname="backend.tests.test_section_exams_language.TestLanguageSelectorIntegration" name="test_student_dashboard_has_language_selector" time="0.000" /><testcase classname="backend.tests.test_section_exams_language.TestLanguageSelectorIntegration" name="test_institution_dashboard_has_language_selector" time="0.000" /></testsuite></testsuites>