<?xml version="1.0" encoding="utf-8"?><testsuites name="pytest tests"><testsuite name="pytest" errors="0" failures="0" skipped="0" tests="19" time="12.338" timestamp="2026-01-30T22:19:46.536237+00:00" hostname="agent-env-dd24db2d-c8dd-4846-87db-efd82653db43"><testcase classname="backend.tests.test_sequential_exams_heygen_i18n.TestAuthAndSetup" name="test_health_check" time="0.074" /><testcase classname="backend.tests.test_sequential_exams_heygen_i18n.TestAuthAndSetup" name="test_admin_login" time="0.262" /><testcase classname="backend.tests.test_sequential_exams_heygen_i18n.TestAuthAndSetup" name="test_institution_login" time="0.263" /><testcase classname="backend.tests.test_sequential_exams_heygen_i18n.TestSequentialExams" name="test_sequential_exam_purchase_first_5" time="0.336" /><testcase classname="backend.tests.test_sequential_exams_heygen_i18n.TestSequentialExams" name="test_sequential_exam_upsell_next_5" time="0.034" /><testcase classname="backend.tests.test_sequential_exams_heygen_i18n.TestSequentialExams" name="test_sequential_exam_dashboard" time="0.038" /><testcase classname="backend.tests.test_sequential_exams_heygen_i18n.TestSequentialExams" name="test_sequential_exam_complete" time="0.077" /><testcase classname="backend.tests.test_sequential_exams_heygen_i18n.TestSequentialExams" name="test_sequential_exam_my_access" time="0.039" /><testcase classname="backend.tests.test_sequential_exams_heygen_i18n.TestSequentialExams" name="test_sequential_exam_all_access" time="0.033" /><testcase classname="backend.tests.test_sequential_exams_heygen_i18n.TestHeyGenIntegration" name="test_heygen_config" time="0.305" /><testcase classname="backend.tests.test_sequential_exams_heygen_i18n.TestHeyGenIntegration" name="test_heygen_templates" time="0.034" /><testcase classname="backend.tests.test_sequential_exams_heygen_i18n.TestHeyGenIntegration" name="test_heygen_template_script" time="0.034" /><testcase classname="backend.tests.test_sequential_exams_heygen_i18n.TestHeyGenIntegration" name="test_heygen_avatars" time="9.763" /><testcase classname="backend.tests.test_sequential_exams_heygen_i18n.TestHeyGenIntegration" name="test_heygen_voices" time="0.555" /><testcase classname="backend.tests.test_sequential_exams_heygen_i18n.TestI18nConfiguration" name="test_i18n_file_exists" time="0.000" /><testcase classname="backend.tests.test_sequential_exams_heygen_i18n.TestI18nConfiguration" name="test_language_selector_component_exists" time="0.000" /><testcase classname="backend.tests.test_sequential_exams_heygen_i18n.TestI18nConfiguration" name="test_i18n_initialized_in_index" time="0.000" /><testcase classname="backend.tests.test_sequential_exams_heygen_i18n.TestFrontendRoutes" name="test_sequential_exam_dashboard_route_exists" time="0.000" /><testcase classname="backend.tests.test_sequential_exams_heygen_i18n.TestSequentialExamBusinessLogic" name="test_exam_sequence_logic" time="0.404" /></testsuite></testsuites>