<?xml version="1.0" encoding="utf-8"?><testsuites name="pytest tests"><testsuite name="pytest" errors="0" failures="12" skipped="0" tests="19" time="2.099" timestamp="2026-01-30T22:19:02.658063+00:00" hostname="agent-env-dd24db2d-c8dd-4846-87db-efd82653db43"><testcase classname="backend.tests.test_sequential_exams_heygen_i18n.TestAuthAndSetup" name="test_health_check" time="0.073" /><testcase classname="backend.tests.test_sequential_exams_heygen_i18n.TestAuthAndSetup" name="test_admin_login" time="0.263"><failure message="assert None is not None">backend/tests/test_sequential_exams_heygen_i18n.py:56: in test_admin_login
    assert admin_token is not None
E   assert None is not None</failure></testcase><testcase classname="backend.tests.test_sequential_exams_heygen_i18n.TestAuthAndSetup" name="test_institution_login" time="0.260"><failure message="assert None is not None">backend/tests/test_sequential_exams_heygen_i18n.py:62: in test_institution_login
    assert institution_token is not None
E   assert None is not None</failure></testcase><testcase classname="backend.tests.test_sequential_exams_heygen_i18n.TestSequentialExams" name="test_sequential_exam_purchase_first_5" time="0.334"><failure message="assert 401 == 200&#10; +  where 401 = &lt;Response [401]&gt;.status_code">backend/tests/test_sequential_exams_heygen_i18n.py:90: in test_sequential_exam_purchase_first_5
    assert response.status_code == 200
E   assert 401 == 200
E    +  where 401 = &lt;Response [401]&gt;.status_code</failure></testcase><testcase classname="backend.tests.test_sequential_exams_heygen_i18n.TestSequentialExams" name="test_sequential_exam_upsell_next_5" time="0.035"><failure message="assert 401 == 200&#10; +  where 401 = &lt;Response [401]&gt;.status_code">backend/tests/test_sequential_exams_heygen_i18n.py:128: in test_sequential_exam_upsell_next_5
    assert response.status_code == 200
E   assert 401 == 200
E    +  where 401 = &lt;Response [401]&gt;.status_code</failure></testcase><testcase classname="backend.tests.test_sequential_exams_heygen_i18n.TestSequentialExams" name="test_sequential_exam_dashboard" time="0.074"><failure message="assert 401 == 200&#10; +  where 401 = &lt;Response [401]&gt;.status_code">backend/tests/test_sequential_exams_heygen_i18n.py:146: in test_sequential_exam_dashboard
    assert response.status_code == 200
E   assert 401 == 200
E    +  where 401 = &lt;Response [401]&gt;.status_code</failure></testcase><testcase classname="backend.tests.test_sequential_exams_heygen_i18n.TestSequentialExams" name="test_sequential_exam_complete" time="0.075"><failure message="assert 401 == 200&#10; +  where 401 = &lt;Response [401]&gt;.status_code">backend/tests/test_sequential_exams_heygen_i18n.py:180: in test_sequential_exam_complete
    assert response.status_code == 200
E   assert 401 == 200
E    +  where 401 = &lt;Response [401]&gt;.status_code</failure></testcase><testcase classname="backend.tests.test_sequential_exams_heygen_i18n.TestSequentialExams" name="test_sequential_exam_my_access" time="0.034"><failure message="assert 401 == 200&#10; +  where 401 = &lt;Response [401]&gt;.status_code">backend/tests/test_sequential_exams_heygen_i18n.py:212: in test_sequential_exam_my_access
    assert response.status_code == 200
E   assert 401 == 200
E    +  where 401 = &lt;Response [401]&gt;.status_code</failure></testcase><testcase classname="backend.tests.test_sequential_exams_heygen_i18n.TestSequentialExams" name="test_sequential_exam_all_access" time="0.034"><failure message="assert 401 == 200&#10; +  where 401 = &lt;Response [401]&gt;.status_code">backend/tests/test_sequential_exams_heygen_i18n.py:233: in test_sequential_exam_all_access
    assert response.status_code == 200
E   assert 401 == 200
E    +  where 401 = &lt;Response [401]&gt;.status_code</failure></testcase><testcase classname="backend.tests.test_sequential_exams_heygen_i18n.TestHeyGenIntegration" name="test_heygen_config" time="0.301"><failure message="assert 401 == 200&#10; +  where 401 = &lt;Response [401]&gt;.status_code">backend/tests/test_sequential_exams_heygen_i18n.py:263: in test_heygen_config
    assert response.status_code == 200
E   assert 401 == 200
E    +  where 401 = &lt;Response [401]&gt;.status_code</failure></testcase><testcase classname="backend.tests.test_sequential_exams_heygen_i18n.TestHeyGenIntegration" name="test_heygen_templates" time="0.043" /><testcase classname="backend.tests.test_sequential_exams_heygen_i18n.TestHeyGenIntegration" name="test_heygen_template_script" time="0.042" /><testcase classname="backend.tests.test_sequential_exams_heygen_i18n.TestHeyGenIntegration" name="test_heygen_avatars" time="0.039"><failure message="assert 401 == 200&#10; +  where 401 = &lt;Response [401]&gt;.status_code">backend/tests/test_sequential_exams_heygen_i18n.py:309: in test_heygen_avatars
    assert response.status_code == 200
E   assert 401 == 200
E    +  where 401 = &lt;Response [401]&gt;.status_code</failure></testcase><testcase classname="backend.tests.test_sequential_exams_heygen_i18n.TestHeyGenIntegration" name="test_heygen_voices" time="0.033"><failure message="assert 401 == 200&#10; +  where 401 = &lt;Response [401]&gt;.status_code">backend/tests/test_sequential_exams_heygen_i18n.py:329: in test_heygen_voices
    assert response.status_code == 200
E   assert 401 == 200
E    +  where 401 = &lt;Response [401]&gt;.status_code</failure></testcase><testcase classname="backend.tests.test_sequential_exams_heygen_i18n.TestI18nConfiguration" name="test_i18n_file_exists" time="0.000" /><testcase classname="backend.tests.test_sequential_exams_heygen_i18n.TestI18nConfiguration" name="test_language_selector_component_exists" time="0.000" /><testcase classname="backend.tests.test_sequential_exams_heygen_i18n.TestI18nConfiguration" name="test_i18n_initialized_in_index" time="0.000" /><testcase classname="backend.tests.test_sequential_exams_heygen_i18n.TestFrontendRoutes" name="test_sequential_exam_dashboard_route_exists" time="0.000" /><testcase classname="backend.tests.test_sequential_exams_heygen_i18n.TestSequentialExamBusinessLogic" name="test_exam_sequence_logic" time="0.303"><failure message="assert 401 == 200&#10; +  where 401 = &lt;Response [401]&gt;.status_code">backend/tests/test_sequential_exams_heygen_i18n.py:397: in test_exam_sequence_logic
    assert response.status_code == 200
E   assert 401 == 200
E    +  where 401 = &lt;Response [401]&gt;.status_code</failure></testcase></testsuite></testsuites>