<?xml version="1.0" encoding="utf-8"?><testsuites name="pytest tests"><testsuite name="pytest" errors="0" failures="0" skipped="0" tests="10" time="5.211" timestamp="2026-01-31T08:43:55.414009+00:00" hostname="agent-env-1125dcaa-6f7b-44d4-9982-ccf19f050744"><testcase classname="tests.test_speech_service.TestSpeechServiceSupportedFormats" name="test_get_supported_formats_success" time="0.102" /><testcase classname="tests.test_speech_service.TestSpeechServiceTranscribe" name="test_transcribe_valid_wav_file" time="0.941" /><testcase classname="tests.test_speech_service.TestSpeechServiceTranscribe" name="test_transcribe_with_prompt_context" time="1.261" /><testcase classname="tests.test_speech_service.TestSpeechServiceTranscribe" name="test_transcribe_with_session_id" time="1.159" /><testcase classname="tests.test_speech_service.TestSpeechServiceValidation" name="test_transcribe_empty_file_returns_400" time="0.041" /><testcase classname="tests.test_speech_service.TestSpeechServiceValidation" name="test_transcribe_too_small_file_returns_400" time="0.041" /><testcase classname="tests.test_speech_service.TestSpeechServiceValidation" name="test_transcribe_unsupported_format_returns_400" time="0.078" /><testcase classname="tests.test_speech_service.TestSpeechServiceValidation" name="test_transcribe_no_file_returns_422" time="0.039" /><testcase classname="tests.test_speech_service.TestSpeechServiceLanguages" name="test_transcribe_spanish_language" time="0.715" /><testcase classname="tests.test_speech_service.TestSpeechServiceLanguages" name="test_transcribe_default_language" time="0.772" /></testsuite></testsuites>