<?xml version="1.0" encoding="utf-8"?><testsuites name="pytest tests"><testsuite name="pytest" errors="0" failures="0" skipped="0" tests="19" time="6.096" timestamp="2026-01-29T19:28:11.714839+00:00" hostname="agent-env-6d73eb84-b13d-4d52-a50c-7260d6cbf30a"><testcase classname="backend.tests.test_sso.TestSSOEndpoints" name="test_list_sso_configs_empty" time="0.310" /><testcase classname="backend.tests.test_sso.TestSSOEndpoints" name="test_create_sso_config" time="0.327" /><testcase classname="backend.tests.test_sso.TestSSOEndpoints" name="test_list_sso_configs_after_creation" time="0.308" /><testcase classname="backend.tests.test_sso.TestSSOEndpoints" name="test_get_sso_config_by_id" time="0.300" /><testcase classname="backend.tests.test_sso.TestSSOEndpoints" name="test_update_sso_config" time="0.357" /><testcase classname="backend.tests.test_sso.TestSSOEndpoints" name="test_delete_sso_config" time="0.297" /><testcase classname="backend.tests.test_sso.TestSSOEndpoints" name="test_get_sp_metadata_xml" time="0.473" /><testcase classname="backend.tests.test_sso.TestSSOEndpoints" name="test_sso_login_url_check_available" time="0.347" /><testcase classname="backend.tests.test_sso.TestSSOEndpoints" name="test_sso_login_url_check_not_available" time="0.358" /><testcase classname="backend.tests.test_sso.TestSSOEndpoints" name="test_sso_analytics" time="0.298" /><testcase classname="backend.tests.test_sso.TestSSOEndpoints" name="test_saml_login_initiation" time="0.417" /><testcase classname="backend.tests.test_sso.TestSSOEndpoints" name="test_saml_login_inactive_config" time="0.365" /><testcase classname="backend.tests.test_sso.TestSSOEndpoints" name="test_saml_login_nonexistent_config" time="0.304" /><testcase classname="backend.tests.test_sso.TestSSOAuthorization" name="test_student_cannot_list_sso_configs" time="0.280" /><testcase classname="backend.tests.test_sso.TestSSOAuthorization" name="test_student_cannot_create_sso_config" time="0.282" /><testcase classname="backend.tests.test_sso.TestSSOAuthorization" name="test_student_cannot_view_sso_analytics" time="0.304" /><testcase classname="backend.tests.test_sso.TestSSOAuthorization" name="test_unauthenticated_cannot_list_configs" time="0.320" /><testcase classname="backend.tests.test_sso.TestSSOPublicEndpoints" name="test_login_url_check_no_auth" time="0.043" /><testcase classname="backend.tests.test_sso.TestSSOPublicEndpoints" name="test_metadata_endpoint_no_auth" time="0.322" /></testsuite></testsuites>