<?xml version="1.0" encoding="utf-8"?><testsuites name="pytest tests"><testsuite name="pytest" errors="0" failures="0" skipped="0" tests="18" time="7.717" timestamp="2026-01-29T17:16:58.185197+00:00" hostname="agent-env-9acefdbf-255f-4840-a589-5db3b44ea9fd"><testcase classname="backend.tests.test_student_video_classes.TestStudentEndpoints" name="test_student_profile_endpoint" time="0.302" /><testcase classname="backend.tests.test_student_video_classes.TestStudentEndpoints" name="test_student_credits_endpoint" time="0.280" /><testcase classname="backend.tests.test_student_video_classes.TestStudentEndpoints" name="test_student_use_credits_endpoint" time="0.304" /><testcase classname="backend.tests.test_student_video_classes.TestStudentEndpoints" name="test_student_use_credits_insufficient" time="0.278" /><testcase classname="backend.tests.test_student_video_classes.TestStudentEndpoints" name="test_student_upcoming_classes_endpoint" time="0.311" /><testcase classname="backend.tests.test_student_video_classes.TestStudentEndpoints" name="test_placement_test_check_endpoint" time="0.268" /><testcase classname="backend.tests.test_student_video_classes.TestStudentEndpoints" name="test_student_profile_requires_auth" time="0.260" /><testcase classname="backend.tests.test_student_video_classes.TestVideoClassesEndpoints" name="test_video_classes_list_endpoint" time="0.545" /><testcase classname="backend.tests.test_student_video_classes.TestVideoClassesEndpoints" name="test_video_classes_list_with_filters" time="0.504" /><testcase classname="backend.tests.test_student_video_classes.TestVideoClassesEndpoints" name="test_institution_create_video_class" time="0.558" /><testcase classname="backend.tests.test_student_video_classes.TestVideoClassesEndpoints" name="test_student_cannot_create_video_class" time="0.494" /><testcase classname="backend.tests.test_student_video_classes.TestVideoClassesEndpoints" name="test_video_class_enrollment_flow" time="0.573" /><testcase classname="backend.tests.test_student_video_classes.TestVideoClassesEndpoints" name="test_institution_update_class_status" time="0.635" /><testcase classname="backend.tests.test_student_video_classes.TestVideoClassesEndpoints" name="test_student_cannot_update_class_status" time="0.568" /><testcase classname="backend.tests.test_student_video_classes.TestVideoClassesEndpoints" name="test_video_class_not_found" time="0.539" /><testcase classname="backend.tests.test_student_video_classes.TestVideoClassesEndpoints" name="test_delete_video_class" time="0.602" /><testcase classname="backend.tests.test_student_video_classes.TestRoutersLoading" name="test_student_router_endpoints_accessible" time="0.332" /><testcase classname="backend.tests.test_student_video_classes.TestRoutersLoading" name="test_video_classes_router_endpoints_accessible" time="0.280" /></testsuite></testsuites>