<?xml version="1.0" encoding="utf-8"?><testsuites name="pytest tests"><testsuite name="pytest" errors="0" failures="12" skipped="0" tests="18" time="7.718" timestamp="2026-01-29T17:14:43.685213+00:00" hostname="agent-env-9acefdbf-255f-4840-a589-5db3b44ea9fd"><testcase classname="backend.tests.test_student_video_classes.TestStudentRouter" name="test_student_profile_endpoint" time="0.299"><failure message="AssertionError: Missing 'stats' in profile response&#10;assert 'stats' in {'credits': 100, 'credits_used': 0, 'current_exam': 'ielts', 'email': 'gamification_test@demo.com', ...}">backend/tests/test_student_video_classes.py:58: in test_student_profile_endpoint
    assert "stats" in data, "Missing 'stats' in profile response"
E   AssertionError: Missing 'stats' in profile response
E   assert 'stats' in {'credits': 100, 'credits_used': 0, 'current_exam': 'ielts', 'email': 'gamification_test@demo.com', ...}</failure></testcase><testcase classname="backend.tests.test_student_video_classes.TestStudentRouter" name="test_student_credits_endpoint" time="0.273"><failure message="AssertionError: Missing 'unlimited' in response&#10;assert 'unlimited' in {'credits': 100, 'credits_remaining': 100, 'credits_used': 0, 'current_exam': 'ielts', ...}">backend/tests/test_student_video_classes.py:85: in test_student_credits_endpoint
    assert "unlimited" in data, "Missing 'unlimited' in response"
E   AssertionError: Missing 'unlimited' in response
E   assert 'unlimited' in {'credits': 100, 'credits_remaining': 100, 'credits_used': 0, 'current_exam': 'ielts', ...}</failure></testcase><testcase classname="backend.tests.test_student_video_classes.TestStudentRouter" name="test_student_use_credits_endpoint" time="0.333"><failure message="AssertionError: Use credits failed: {&quot;detail&quot;:[{&quot;type&quot;:&quot;missing&quot;,&quot;loc&quot;:[&quot;query&quot;,&quot;amount&quot;],&quot;msg&quot;:&quot;Field required&quot;,&quot;input&quot;:null,&quot;url&quot;:&quot;https://errors.pydantic.dev/2.12/v/missing&quot;},{&quot;type&quot;:&quot;missing&quot;,&quot;loc&quot;:[&quot;query&quot;,&quot;action&quot;],&quot;msg&quot;:&quot;Field required&quot;,&quot;input&quot;:null,&quot;url&quot;:&quot;https://errors.pydantic.dev/2.12/v/missing&quot;}]}&#10;assert 422 == 200&#10; +  where 422 = &lt;Response [422]&gt;.status_code">backend/tests/test_student_video_classes.py:110: in test_student_use_credits_endpoint
    assert response.status_code == 200, f"Use credits failed: {response.text}"
E   AssertionError: Use credits failed: {"detail":[{"type":"missing","loc":["query","amount"],"msg":"Field required","input":null,"url":"https://errors.pydantic.dev/2.12/v/missing"},{"type":"missing","loc":["query","action"],"msg":"Field required","input":null,"url":"https://errors.pydantic.dev/2.12/v/missing"}]}
E   assert 422 == 200
E    +  where 422 = &lt;Response [422]&gt;.status_code</failure></testcase><testcase classname="backend.tests.test_student_video_classes.TestStudentRouter" name="test_student_use_credits_insufficient" time="0.276"><failure message="AssertionError: Expected 400 for insufficient credits, got 422&#10;assert 422 == 400&#10; +  where 422 = &lt;Response [422]&gt;.status_code">backend/tests/test_student_video_classes.py:132: in test_student_use_credits_insufficient
    assert response.status_code == 400, f"Expected 400 for insufficient credits, got {response.status_code}"
E   AssertionError: Expected 400 for insufficient credits, got 422
E   assert 422 == 400
E    +  where 422 = &lt;Response [422]&gt;.status_code</failure></testcase><testcase classname="backend.tests.test_student_video_classes.TestStudentRouter" name="test_student_upcoming_classes_endpoint" time="0.271" /><testcase classname="backend.tests.test_student_video_classes.TestStudentRouter" name="test_placement_test_check_endpoint" time="0.265"><failure message="AssertionError: Missing 'exam_type' when should_take is True&#10;assert 'exam_type' in {'is_free': True, 'mandatory': False, 'should_take': True}">backend/tests/test_student_video_classes.py:164: in test_placement_test_check_endpoint
    assert "exam_type" in data, "Missing 'exam_type' when should_take is True"
E   AssertionError: Missing 'exam_type' when should_take is True
E   assert 'exam_type' in {'is_free': True, 'mandatory': False, 'should_take': True}</failure></testcase><testcase classname="backend.tests.test_student_video_classes.TestStudentRouter" name="test_student_profile_requires_auth" time="0.344" /><testcase classname="backend.tests.test_student_video_classes.TestVideoClassesRouter" name="test_video_classes_list_endpoint" time="0.548"><failure message="AssertionError: Missing 'classes' in response&#10;assert 'classes' in {'live_classes': [{'description': 'Master the art of writing persuasive essays for TOEFL iBT', 'duration_minutes': 90, 'enrolled_count': 0, 'exam_type': 'toefl', ...}, {'description': 'Learn how to structure your response for Part 2 cue cards effectively', 'duration_minutes': 60, 'enrolled_count': 0, 'exam_type': 'ielts', ...}], 'recorded_classes': [{'description': 'In-depth analysis of CAE Reading Part 5 with practice exercises', 'duration_minutes': 45, 'exam_type': 'cambridge', 'id': 'e9940b89-706d-490f-8ed6-17c9e77673f5', ...}, {'description': 'Step-by-step guide to scoring high in PTE Listening section', 'duration_minutes': 30, 'exam_type': 'pte', 'id': 'fea5aa66-b02c-4b12-8aff-f2e43283a149', ...}], 'stats': {'total_live': 2, 'total_recorded': 2, 'upcoming': 2}, 'total': 4}">backend/tests/test_student_video_classes.py:219: in test_video_classes_list_endpoint
    assert "classes" in data, "Missing 'classes' in response"
E   AssertionError: Missing 'classes' in response
E   assert 'classes' in {'live_classes': [{'description': 'Master the art of writing persuasive essays for TOEFL iBT', 'duration_minutes': 90, 'enrolled_count': 0, 'exam_type': 'toefl', ...}, {'description': 'Learn how to structure your response for Part 2 cue cards effectively', 'duration_minutes': 60, 'enrolled_count': 0, 'exam_type': 'ielts', ...}], 'recorded_classes': [{'description': 'In-depth analysis of CAE Reading Part 5 with practice exercises', 'duration_minutes': 45, 'exam_type': 'cambridge', 'id': 'e9940b89-706d-490f-8ed6-17c9e77673f5', ...}, {'description': 'Step-by-step guide to scoring high in PTE Listening section', 'duration_minutes': 30, 'exam_type': 'pte', 'id': 'fea5aa66-b02c-4b12-8aff-f2e43283a149', ...}], 'stats': {'total_live': 2, 'total_recorded': 2, 'upcoming': 2}, 'total': 4}</failure></testcase><testcase classname="backend.tests.test_student_video_classes.TestVideoClassesRouter" name="test_video_classes_list_with_filters" time="0.508"><failure message="AssertionError: Missing 'classes' in response&#10;assert 'classes' in {'live_classes': [{'description': 'Learn how to structure your response for Part 2 cue cards effectively', 'duration_minutes': 60, 'enrolled_count': 0, 'exam_type': 'ielts', ...}], 'recorded_classes': [], 'stats': {'total_live': 1, 'total_recorded': 0, 'upcoming': 1}, 'total': 1}">backend/tests/test_student_video_classes.py:243: in test_video_classes_list_with_filters
    assert "classes" in data, "Missing 'classes' in response"
E   AssertionError: Missing 'classes' in response
E   assert 'classes' in {'live_classes': [{'description': 'Learn how to structure your response for Part 2 cue cards effectively', 'duration_minutes': 60, 'enrolled_count': 0, 'exam_type': 'ielts', ...}], 'recorded_classes': [], 'stats': {'total_live': 1, 'total_recorded': 0, 'upcoming': 1}, 'total': 1}</failure></testcase><testcase classname="backend.tests.test_student_video_classes.TestVideoClassesRouter" name="test_institution_create_video_class" time="0.511" /><testcase classname="backend.tests.test_student_video_classes.TestVideoClassesRouter" name="test_student_cannot_create_video_class" time="0.535"><failure message="AssertionError: Expected 403 for student creating class, got 422&#10;assert 422 == 403&#10; +  where 422 = &lt;Response [422]&gt;.status_code">backend/tests/test_student_video_classes.py:289: in test_student_cannot_create_video_class
    assert response.status_code == 403, f"Expected 403 for student creating class, got {response.status_code}"
E   AssertionError: Expected 403 for student creating class, got 422
E   assert 422 == 403
E    +  where 422 = &lt;Response [422]&gt;.status_code</failure></testcase><testcase classname="backend.tests.test_student_video_classes.TestVideoClassesRouter" name="test_video_class_enrollment_flow" time="0.609"><failure message="AssertionError: Expected 400 for duplicate enrollment, got 200&#10;assert 200 == 400&#10; +  where 200 = &lt;Response [200]&gt;.status_code">backend/tests/test_student_video_classes.py:334: in test_video_class_enrollment_flow
    assert duplicate_response.status_code == 400, f"Expected 400 for duplicate enrollment, got {duplicate_response.status_code}"
E   AssertionError: Expected 400 for duplicate enrollment, got 200
E   assert 200 == 400
E    +  where 200 = &lt;Response [200]&gt;.status_code</failure></testcase><testcase classname="backend.tests.test_student_video_classes.TestVideoClassesRouter" name="test_institution_update_class_status" time="0.502"><failure message="AssertionError: Create class failed: {&quot;detail&quot;:[{&quot;type&quot;:&quot;missing&quot;,&quot;loc&quot;:[&quot;body&quot;,&quot;description&quot;],&quot;msg&quot;:&quot;Field required&quot;,&quot;input&quot;:{&quot;title&quot;:&quot;TEST_Status Update Class 2b35d647&quot;,&quot;exam_type&quot;:&quot;ielts&quot;,&quot;skill&quot;:&quot;writing&quot;,&quot;scheduled_at&quot;:&quot;2026-01-30T17:14:49.098185+00:00&quot;},&quot;url&quot;:&quot;https://errors.pydantic.dev/2.12/v/missing&quot;},{&quot;type&quot;:&quot;missing&quot;,&quot;loc&quot;:[&quot;body&quot;,&quot;class_type&quot;],&quot;msg&quot;:&quot;Field required&quot;,&quot;input&quot;:{&quot;title&quot;:&quot;TEST_Status Update Class 2b35d647&quot;,&quot;exam_type&quot;:&quot;ielts&quot;,&quot;skill&quot;:&quot;writing&quot;,&quot;scheduled_at&quot;:&quot;2026-01-30T17:14:49.098185+00:00&quot;},&quot;url&quot;:&quot;https://errors.pydantic.dev/2.12/v/missing&quot;}]}&#10;assert 422 == 200&#10; +  where 422 = &lt;Response [422]&gt;.status_code">backend/tests/test_student_video_classes.py:361: in test_institution_update_class_status
    assert create_response.status_code == 200, f"Create class failed: {create_response.text}"
E   AssertionError: Create class failed: {"detail":[{"type":"missing","loc":["body","description"],"msg":"Field required","input":{"title":"TEST_Status Update Class 2b35d647","exam_type":"ielts","skill":"writing","scheduled_at":"2026-01-30T17:14:49.098185+00:00"},"url":"https://errors.pydantic.dev/2.12/v/missing"},{"type":"missing","loc":["body","class_type"],"msg":"Field required","input":{"title":"TEST_Status Update Class 2b35d647","exam_type":"ielts","skill":"writing","scheduled_at":"2026-01-30T17:14:49.098185+00:00"},"url":"https://errors.pydantic.dev/2.12/v/missing"}]}
E   assert 422 == 200
E    +  where 422 = &lt;Response [422]&gt;.status_code</failure></testcase><testcase classname="backend.tests.test_student_video_classes.TestVideoClassesRouter" name="test_student_cannot_update_class_status" time="0.561"><failure message="KeyError: 'id'">backend/tests/test_student_video_classes.py:421: in test_student_cannot_update_class_status
    class_id = create_response.json()["id"]
               ^^^^^^^^^^^^^^^^^^^^^^^^^^^^
E   KeyError: 'id'</failure></testcase><testcase classname="backend.tests.test_student_video_classes.TestVideoClassesRouter" name="test_get_single_video_class" time="0.506"><failure message="KeyError: 'id'">backend/tests/test_student_video_classes.py:456: in test_get_single_video_class
    class_id = create_response.json()["id"]
               ^^^^^^^^^^^^^^^^^^^^^^^^^^^^
E   KeyError: 'id'</failure></testcase><testcase classname="backend.tests.test_student_video_classes.TestVideoClassesRouter" name="test_video_class_not_found" time="0.561" /><testcase classname="backend.tests.test_student_video_classes.TestRoutersLoading" name="test_student_router_loads" time="0.370" /><testcase classname="backend.tests.test_student_video_classes.TestRoutersLoading" name="test_video_classes_router_loads" time="0.276" /></testsuite></testsuites>