<?xml version="1.0" encoding="utf-8"?><testsuites name="pytest tests"><testsuite name="pytest" errors="0" failures="1" skipped="0" tests="15" time="4.610" timestamp="2026-01-28T05:21:34.790666+00:00" hostname="agent-env-5fd39e82-52f6-4367-ae15-fc6432411958"><testcase classname="backend.tests.test_superadmin.TestSuperadminAuth" name="test_superadmin_login_success" time="0.327" /><testcase classname="backend.tests.test_superadmin.TestSuperadminStats" name="test_get_stats_success" time="0.273" /><testcase classname="backend.tests.test_superadmin.TestSuperadminStats" name="test_stats_forbidden_for_non_superadmin" time="0.546" /><testcase classname="backend.tests.test_superadmin.TestSuperadminInstitutions" name="test_get_institutions_list" time="0.271" /><testcase classname="backend.tests.test_superadmin.TestSuperadminInstitutions" name="test_institutions_search" time="0.278" /><testcase classname="backend.tests.test_superadmin.TestSuperadminInstitutions" name="test_institutions_pagination" time="0.315" /><testcase classname="backend.tests.test_superadmin.TestSuperadminInstitutionDetails" name="test_get_institution_details" time="0.298"><failure message="assert 520 == 200&#10; +  where 520 = &lt;Response [520]&gt;.status_code">backend/tests/test_superadmin.py:245: in test_get_institution_details
    assert response.status_code == 200
E   assert 520 == 200
E    +  where 520 = &lt;Response [520]&gt;.status_code</failure></testcase><testcase classname="backend.tests.test_superadmin.TestSuperadminInstitutionDetails" name="test_institution_not_found" time="0.310" /><testcase classname="backend.tests.test_superadmin.TestSuperadminActivityLog" name="test_get_activity_log" time="0.265" /><testcase classname="backend.tests.test_superadmin.TestSuperadminActivityLog" name="test_activity_log_filter_by_type" time="0.284" /><testcase classname="backend.tests.test_superadmin.TestSuperadminRevenueReport" name="test_get_revenue_report_month" time="0.268" /><testcase classname="backend.tests.test_superadmin.TestSuperadminRevenueReport" name="test_get_revenue_report_week" time="0.266" /><testcase classname="backend.tests.test_superadmin.TestSuperadminRevenueReport" name="test_get_revenue_report_year" time="0.261" /><testcase classname="backend.tests.test_superadmin.TestSuperadminGrantCredits" name="test_grant_credits_success" time="0.279" /><testcase classname="backend.tests.test_superadmin.TestSuperadminGrantCredits" name="test_grant_credits_invalid_institution" time="0.260" /></testsuite></testsuites>