<?xml version="1.0" encoding="utf-8"?><testsuites name="pytest tests"><testsuite name="pytest" errors="0" failures="0" skipped="0" tests="13" time="3.880" timestamp="2026-01-27T19:45:52.246171+00:00" hostname="agent-env-46cd2874-e069-443f-a19d-647b8ed1c96d"><testcase classname="backend.tests.test_supreme_features.TestSupremeFeatures" name="test_get_messaging_config" time="0.315" /><testcase classname="backend.tests.test_supreme_features.TestSupremeFeatures" name="test_save_messaging_config" time="0.333" /><testcase classname="backend.tests.test_supreme_features.TestSupremeFeatures" name="test_messaging_config_forbidden_for_non_institution" time="0.284" /><testcase classname="backend.tests.test_supreme_features.TestSupremeFeatures" name="test_get_reports_config" time="0.287" /><testcase classname="backend.tests.test_supreme_features.TestSupremeFeatures" name="test_save_reports_config" time="0.285" /><testcase classname="backend.tests.test_supreme_features.TestSupremeFeatures" name="test_generate_weekly_report" time="0.277" /><testcase classname="backend.tests.test_supreme_features.TestSupremeFeatures" name="test_generate_monthly_report" time="0.276" /><testcase classname="backend.tests.test_supreme_features.TestSupremeFeatures" name="test_get_email_templates" time="0.275" /><testcase classname="backend.tests.test_supreme_features.TestSupremeFeatures" name="test_save_custom_email_template" time="0.287" /><testcase classname="backend.tests.test_supreme_features.TestSupremeFeatures" name="test_preview_email_template" time="0.268" /><testcase classname="backend.tests.test_supreme_features.TestSupremeFeatures" name="test_preview_nonexistent_template" time="0.272" /><testcase classname="backend.tests.test_supreme_features.TestSupremeFeatures" name="test_get_reports_history" time="0.363" /><testcase classname="backend.tests.test_supreme_features.TestMessagingTestEndpoint" name="test_send_test_sms_mocked" time="0.275" /></testsuite></testsuites>