<?xml version="1.0" encoding="utf-8"?><testsuites name="pytest tests"><testsuite name="pytest" errors="0" failures="0" skipped="0" tests="20" time="4.941" timestamp="2026-01-29T20:26:31.605489+00:00" hostname="agent-env-6d73eb84-b13d-4d52-a50c-7260d6cbf30a"><testcase classname="backend.tests.test_whitelabel.TestWhiteLabelThemes" name="test_get_preset_themes_returns_6_themes" time="0.065" /><testcase classname="backend.tests.test_whitelabel.TestWhiteLabelThemes" name="test_preset_themes_have_required_fields" time="0.043" /><testcase classname="backend.tests.test_whitelabel.TestWhiteLabelThemes" name="test_midnight_theme_has_dark_colors" time="0.038" /><testcase classname="backend.tests.test_whitelabel.TestWhiteLabelConfigAuth" name="test_get_config_returns_default_if_none_exists" time="0.297" /><testcase classname="backend.tests.test_whitelabel.TestWhiteLabelConfigAuth" name="test_create_config_requires_institution_user" time="0.334" /><testcase classname="backend.tests.test_whitelabel.TestWhiteLabelConfigAuth" name="test_update_config_works" time="0.369" /><testcase classname="backend.tests.test_whitelabel.TestWhiteLabelConfigAuth" name="test_apply_theme_updates_colors" time="0.334" /><testcase classname="backend.tests.test_whitelabel.TestWhiteLabelConfigAuth" name="test_apply_invalid_theme_returns_404" time="0.301" /><testcase classname="backend.tests.test_whitelabel.TestWhiteLabelConfigAuth" name="test_apply_all_themes" time="0.499" /><testcase classname="backend.tests.test_whitelabel.TestWhiteLabelPublicEndpoints" name="test_get_portal_config_by_subdomain" time="0.339" /><testcase classname="backend.tests.test_whitelabel.TestWhiteLabelPublicEndpoints" name="test_get_portal_invalid_identifier_returns_404" time="0.036" /><testcase classname="backend.tests.test_whitelabel.TestWhiteLabelPublicEndpoints" name="test_get_css_returns_stylesheet" time="0.327" /><testcase classname="backend.tests.test_whitelabel.TestWhiteLabelPublicEndpoints" name="test_get_css_invalid_identifier_returns_default" time="0.035" /><testcase classname="backend.tests.test_whitelabel.TestWhiteLabelEmailTemplates" name="test_get_email_templates_returns_defaults" time="0.296" /><testcase classname="backend.tests.test_whitelabel.TestWhiteLabelEmailTemplates" name="test_email_templates_have_required_fields" time="0.301" /><testcase classname="backend.tests.test_whitelabel.TestWhiteLabelEmailTemplates" name="test_email_templates_require_institution_user" time="0.042" /><testcase classname="backend.tests.test_whitelabel.TestWhiteLabelDomainVerification" name="test_verify_domain_requires_custom_domain" time="0.289" /><testcase classname="backend.tests.test_whitelabel.TestWhiteLabelDomainVerification" name="test_dns_instructions_requires_custom_domain" time="0.297" /><testcase classname="backend.tests.test_whitelabel.TestWhiteLabelAnalytics" name="test_get_analytics_returns_data" time="0.333" /><testcase classname="backend.tests.test_whitelabel.TestWhiteLabelCleanup" name="test_cleanup_reset_to_default_theme" time="0.305" /></testsuite></testsuites>