<?xml version="1.0" encoding="utf-8"?><testsuites name="pytest tests"><testsuite name="pytest" errors="0" failures="12" skipped="0" tests="20" time="4.754" timestamp="2026-01-29T20:21:10.257583+00:00" hostname="agent-env-6d73eb84-b13d-4d52-a50c-7260d6cbf30a"><testcase classname="backend.tests.test_whitelabel.TestWhiteLabelThemes" name="test_get_preset_themes_returns_6_themes" time="0.072" /><testcase classname="backend.tests.test_whitelabel.TestWhiteLabelThemes" name="test_preset_themes_have_required_fields" time="0.045" /><testcase classname="backend.tests.test_whitelabel.TestWhiteLabelThemes" name="test_midnight_theme_has_dark_colors" time="0.041" /><testcase classname="backend.tests.test_whitelabel.TestWhiteLabelConfigAuth" name="test_get_config_returns_default_if_none_exists" time="0.308"><failure message="assert 401 == 200&#10; +  where 401 = &lt;Response [401]&gt;.status_code">backend/tests/test_whitelabel.py:82: in test_get_config_returns_default_if_none_exists
    assert response.status_code == 200
E   assert 401 == 200
E    +  where 401 = &lt;Response [401]&gt;.status_code</failure></testcase><testcase classname="backend.tests.test_whitelabel.TestWhiteLabelConfigAuth" name="test_create_config_requires_institution_user" time="0.329"><failure message="assert 401 in [200, 201, 400]&#10; +  where 401 = &lt;Response [401]&gt;.status_code">backend/tests/test_whitelabel.py:105: in test_create_config_requires_institution_user
    assert response.status_code in [200, 201, 400]
E   assert 401 in [200, 201, 400]
E    +  where 401 = &lt;Response [401]&gt;.status_code</failure></testcase><testcase classname="backend.tests.test_whitelabel.TestWhiteLabelConfigAuth" name="test_update_config_works" time="0.341"><failure message="assert 401 in [200, 404]&#10; +  where 401 = &lt;Response [401]&gt;.status_code">backend/tests/test_whitelabel.py:126: in test_update_config_works
    assert response.status_code in [200, 404]
E   assert 401 in [200, 404]
E    +  where 401 = &lt;Response [401]&gt;.status_code</failure></testcase><testcase classname="backend.tests.test_whitelabel.TestWhiteLabelConfigAuth" name="test_apply_theme_updates_colors" time="0.325"><failure message="assert 401 == 200&#10; +  where 401 = &lt;Response [401]&gt;.status_code">backend/tests/test_whitelabel.py:145: in test_apply_theme_updates_colors
    assert response.status_code == 200
E   assert 401 == 200
E    +  where 401 = &lt;Response [401]&gt;.status_code</failure></testcase><testcase classname="backend.tests.test_whitelabel.TestWhiteLabelConfigAuth" name="test_apply_invalid_theme_returns_404" time="0.306"><failure message="assert 401 == 404&#10; +  where 401 = &lt;Response [401]&gt;.status_code">backend/tests/test_whitelabel.py:156: in test_apply_invalid_theme_returns_404
    assert response.status_code == 404
E   assert 401 == 404
E    +  where 401 = &lt;Response [401]&gt;.status_code</failure></testcase><testcase classname="backend.tests.test_whitelabel.TestWhiteLabelConfigAuth" name="test_apply_all_themes" time="0.297"><failure message="AssertionError: Failed to apply theme: default&#10;assert 401 == 200&#10; +  where 401 = &lt;Response [401]&gt;.status_code">backend/tests/test_whitelabel.py:164: in test_apply_all_themes
    assert response.status_code == 200, f"Failed to apply theme: {theme_id}"
E   AssertionError: Failed to apply theme: default
E   assert 401 == 200
E    +  where 401 = &lt;Response [401]&gt;.status_code</failure></testcase><testcase classname="backend.tests.test_whitelabel.TestWhiteLabelPublicEndpoints" name="test_get_portal_config_by_subdomain" time="0.291" /><testcase classname="backend.tests.test_whitelabel.TestWhiteLabelPublicEndpoints" name="test_get_portal_invalid_identifier_returns_404" time="0.078" /><testcase classname="backend.tests.test_whitelabel.TestWhiteLabelPublicEndpoints" name="test_get_css_returns_stylesheet" time="0.294" /><testcase classname="backend.tests.test_whitelabel.TestWhiteLabelPublicEndpoints" name="test_get_css_invalid_identifier_returns_default" time="0.082" /><testcase classname="backend.tests.test_whitelabel.TestWhiteLabelEmailTemplates" name="test_get_email_templates_returns_defaults" time="0.295"><failure message="assert 401 == 200&#10; +  where 401 = &lt;Response [401]&gt;.status_code">backend/tests/test_whitelabel.py:258: in test_get_email_templates_returns_defaults
    assert response.status_code == 200
E   assert 401 == 200
E    +  where 401 = &lt;Response [401]&gt;.status_code</failure></testcase><testcase classname="backend.tests.test_whitelabel.TestWhiteLabelEmailTemplates" name="test_email_templates_have_required_fields" time="0.293"><failure message="assert 401 == 200&#10; +  where 401 = &lt;Response [401]&gt;.status_code">backend/tests/test_whitelabel.py:272: in test_email_templates_have_required_fields
    assert response.status_code == 200
E   assert 401 == 200
E    +  where 401 = &lt;Response [401]&gt;.status_code</failure></testcase><testcase classname="backend.tests.test_whitelabel.TestWhiteLabelEmailTemplates" name="test_email_templates_require_institution_user" time="0.038" /><testcase classname="backend.tests.test_whitelabel.TestWhiteLabelDomainVerification" name="test_verify_domain_requires_custom_domain" time="0.293"><failure message="assert 401 in [200, 400, 404]&#10; +  where 401 = &lt;Response [401]&gt;.status_code">backend/tests/test_whitelabel.py:308: in test_verify_domain_requires_custom_domain
    assert response.status_code in [200, 400, 404]
E   assert 401 in [200, 400, 404]
E    +  where 401 = &lt;Response [401]&gt;.status_code</failure></testcase><testcase classname="backend.tests.test_whitelabel.TestWhiteLabelDomainVerification" name="test_dns_instructions_requires_custom_domain" time="0.295"><failure message="assert 401 in [200, 400]&#10; +  where 401 = &lt;Response [401]&gt;.status_code">backend/tests/test_whitelabel.py:314: in test_dns_instructions_requires_custom_domain
    assert response.status_code in [200, 400]
E   assert 401 in [200, 400]
E    +  where 401 = &lt;Response [401]&gt;.status_code</failure></testcase><testcase classname="backend.tests.test_whitelabel.TestWhiteLabelAnalytics" name="test_get_analytics_returns_data" time="0.292"><failure message="assert 401 == 200&#10; +  where 401 = &lt;Response [401]&gt;.status_code">backend/tests/test_whitelabel.py:338: in test_get_analytics_returns_data
    assert response.status_code == 200
E   assert 401 == 200
E    +  where 401 = &lt;Response [401]&gt;.status_code</failure></testcase><testcase classname="backend.tests.test_whitelabel.TestWhiteLabelCleanup" name="test_cleanup_reset_to_default_theme" time="0.291"><failure message="assert 401 == 200&#10; +  where 401 = &lt;Response [401]&gt;.status_code">backend/tests/test_whitelabel.py:366: in test_cleanup_reset_to_default_theme
    assert response.status_code == 200
E   assert 401 == 200
E    +  where 401 = &lt;Response [401]&gt;.status_code</failure></testcase></testsuite></testsuites>